Started GET "/" for 127.0.0.1 at 2018-08-22 18:57:11 -0400
Processing by Rails::WelcomeController#index as HTML
  Parameters: {"internal"=>true}
  Rendering /Users/Stephanie/.rvm/gems/ruby-2.4.0/gems/railties-5.0.7/lib/rails/templates/rails/welcome/index.html.erb
  Rendered /Users/Stephanie/.rvm/gems/ruby-2.4.0/gems/railties-5.0.7/lib/rails/templates/rails/welcome/index.html.erb (5.1ms)
Completed 200 OK in 33ms (Views: 15.0ms | ActiveRecord: 0.0ms)


Started GET "/" for 127.0.0.1 at 2018-08-22 19:09:53 -0400
Started GET "/" for 127.0.0.1 at 2018-08-22 19:10:03 -0400
  
  
ActionController::RoutingError (uninitialized constant PagesController):
ActionController::RoutingError (uninitialized constant PagesController):
  
  
activesupport (5.0.7) lib/active_support/inflector/methods.rb:268:in `const_get'
activesupport (5.0.7) lib/active_support/inflector/methods.rb:268:in `block in constantize'
activesupport (5.0.7) lib/active_support/inflector/methods.rb:266:in `each'
activesupport (5.0.7) lib/active_support/inflector/methods.rb:266:in `inject'
activesupport (5.0.7) lib/active_support/inflector/methods.rb:266:in `constantize'
actionpack (5.0.7) lib/action_dispatch/http/request.rb:81:in `controller_class'
actionpack (5.0.7) lib/action_dispatch/routing/route_set.rb:44:in `controller'
actionpack (5.0.7) lib/action_dispatch/routing/route_set.rb:30:in `serve'
actionpack (5.0.7) lib/action_dispatch/journey/router.rb:39:in `block in serve'
actionpack (5.0.7) lib/action_dispatch/journey/router.rb:26:in `each'
actionpack (5.0.7) lib/action_dispatch/journey/router.rb:26:in `serve'
actionpack (5.0.7) lib/action_dispatch/routing/route_set.rb:727:in `call'
rack (2.0.5) lib/rack/etag.rb:25:in `call'
rack (2.0.5) lib/rack/conditional_get.rb:25:in `call'
rack (2.0.5) lib/rack/head.rb:12:in `call'
rack (2.0.5) lib/rack/session/abstract/id.rb:232:in `context'
rack (2.0.5) lib/rack/session/abstract/id.rb:226:in `call'
actionpack (5.0.7) lib/action_dispatch/middleware/cookies.rb:613:in `call'
activerecord (5.0.7) lib/active_record/migration.rb:553:in `call'
actionpack (5.0.7) lib/action_dispatch/middleware/callbacks.rb:38:in `block in call'
activesupport (5.0.7) lib/active_support/callbacks.rb:97:in `__run_callbacks__'
activesupport (5.0.7) lib/active_support/callbacks.rb:750:in `_run_call_callbacks'
activesupport (5.0.7) lib/active_support/callbacks.rb:90:in `run_callbacks'
actionpack (5.0.7) lib/action_dispatch/middleware/callbacks.rb:36:in `call'
actionpack (5.0.7) lib/action_dispatch/middleware/executor.rb:12:in `call'
actionpack (5.0.7) lib/action_dispatch/middleware/remote_ip.rb:79:in `call'
actionpack (5.0.7) lib/action_dispatch/middleware/debug_exceptions.rb:49:in `call'
web-console (3.6.2) lib/web_console/middleware.rb:135:in `call_app'
web-console (3.6.2) lib/web_console/middleware.rb:30:in `block in call'
web-console (3.6.2) lib/web_console/middleware.rb:20:in `catch'
web-console (3.6.2) lib/web_console/middleware.rb:20:in `call'
actionpack (5.0.7) lib/action_dispatch/middleware/show_exceptions.rb:31:in `call'
railties (5.0.7) lib/rails/rack/logger.rb:36:in `call_app'
railties (5.0.7) lib/rails/rack/logger.rb:24:in `block in call'
activesupport (5.0.7) lib/active_support/tagged_logging.rb:69:in `block in tagged'
activesupport (5.0.7) lib/active_support/tagged_logging.rb:26:in `tagged'
activesupport (5.0.7) lib/active_support/tagged_logging.rb:69:in `tagged'
railties (5.0.7) lib/rails/rack/logger.rb:24:in `call'
sprockets-rails (3.2.1) lib/sprockets/rails/quiet_assets.rb:13:in `call'
actionpack (5.0.7) lib/action_dispatch/middleware/request_id.rb:24:in `call'
rack (2.0.5) lib/rack/method_override.rb:22:in `call'
rack (2.0.5) lib/rack/runtime.rb:22:in `call'
activesupport (5.0.7) lib/active_support/cache/strategy/local_cache_middleware.rb:28:in `call'
actionpack (5.0.7) lib/action_dispatch/middleware/executor.rb:12:in `call'
actionpack (5.0.7) lib/action_dispatch/middleware/static.rb:136:in `call'
rack (2.0.5) lib/rack/sendfile.rb:111:in `call'
railties (5.0.7) lib/rails/engine.rb:522:in `call'
puma (3.12.0) lib/puma/configuration.rb:225:in `call'
puma (3.12.0) lib/puma/server.rb:658:in `handle_request'
puma (3.12.0) lib/puma/server.rb:472:in `process_client'
puma (3.12.0) lib/puma/server.rb:332:in `block in run'
puma (3.12.0) lib/puma/thread_pool.rb:133:in `block in spawn_thread'
activesupport (5.0.7) lib/active_support/inflector/methods.rb:268:in `const_get'
activesupport (5.0.7) lib/active_support/inflector/methods.rb:268:in `block in constantize'
activesupport (5.0.7) lib/active_support/inflector/methods.rb:266:in `each'
activesupport (5.0.7) lib/active_support/inflector/methods.rb:266:in `inject'
activesupport (5.0.7) lib/active_support/inflector/methods.rb:266:in `constantize'
actionpack (5.0.7) lib/action_dispatch/http/request.rb:81:in `controller_class'
actionpack (5.0.7) lib/action_dispatch/routing/route_set.rb:44:in `controller'
actionpack (5.0.7) lib/action_dispatch/routing/route_set.rb:30:in `serve'
actionpack (5.0.7) lib/action_dispatch/journey/router.rb:39:in `block in serve'
actionpack (5.0.7) lib/action_dispatch/journey/router.rb:26:in `each'
actionpack (5.0.7) lib/action_dispatch/journey/router.rb:26:in `serve'
actionpack (5.0.7) lib/action_dispatch/routing/route_set.rb:727:in `call'
rack (2.0.5) lib/rack/etag.rb:25:in `call'
rack (2.0.5) lib/rack/conditional_get.rb:25:in `call'
rack (2.0.5) lib/rack/head.rb:12:in `call'
rack (2.0.5) lib/rack/session/abstract/id.rb:232:in `context'
rack (2.0.5) lib/rack/session/abstract/id.rb:226:in `call'
actionpack (5.0.7) lib/action_dispatch/middleware/cookies.rb:613:in `call'
activerecord (5.0.7) lib/active_record/migration.rb:553:in `call'
actionpack (5.0.7) lib/action_dispatch/middleware/callbacks.rb:38:in `block in call'
activesupport (5.0.7) lib/active_support/callbacks.rb:97:in `__run_callbacks__'
activesupport (5.0.7) lib/active_support/callbacks.rb:750:in `_run_call_callbacks'
activesupport (5.0.7) lib/active_support/callbacks.rb:90:in `run_callbacks'
actionpack (5.0.7) lib/action_dispatch/middleware/callbacks.rb:36:in `call'
actionpack (5.0.7) lib/action_dispatch/middleware/executor.rb:12:in `call'
actionpack (5.0.7) lib/action_dispatch/middleware/remote_ip.rb:79:in `call'
actionpack (5.0.7) lib/action_dispatch/middleware/debug_exceptions.rb:49:in `call'
web-console (3.6.2) lib/web_console/middleware.rb:135:in `call_app'
web-console (3.6.2) lib/web_console/middleware.rb:30:in `block in call'
web-console (3.6.2) lib/web_console/middleware.rb:20:in `catch'
web-console (3.6.2) lib/web_console/middleware.rb:20:in `call'
actionpack (5.0.7) lib/action_dispatch/middleware/show_exceptions.rb:31:in `call'
railties (5.0.7) lib/rails/rack/logger.rb:36:in `call_app'
railties (5.0.7) lib/rails/rack/logger.rb:24:in `block in call'
activesupport (5.0.7) lib/active_support/tagged_logging.rb:69:in `block in tagged'
activesupport (5.0.7) lib/active_support/tagged_logging.rb:26:in `tagged'
activesupport (5.0.7) lib/active_support/tagged_logging.rb:69:in `tagged'
railties (5.0.7) lib/rails/rack/logger.rb:24:in `call'
sprockets-rails (3.2.1) lib/sprockets/rails/quiet_assets.rb:13:in `call'
actionpack (5.0.7) lib/action_dispatch/middleware/request_id.rb:24:in `call'
rack (2.0.5) lib/rack/method_override.rb:22:in `call'
rack (2.0.5) lib/rack/runtime.rb:22:in `call'
activesupport (5.0.7) lib/active_support/cache/strategy/local_cache_middleware.rb:28:in `call'
actionpack (5.0.7) lib/action_dispatch/middleware/executor.rb:12:in `call'
actionpack (5.0.7) lib/action_dispatch/middleware/static.rb:136:in `call'
rack (2.0.5) lib/rack/sendfile.rb:111:in `call'
railties (5.0.7) lib/rails/engine.rb:522:in `call'
puma (3.12.0) lib/puma/configuration.rb:225:in `call'
puma (3.12.0) lib/puma/server.rb:658:in `handle_request'
puma (3.12.0) lib/puma/server.rb:472:in `process_client'
puma (3.12.0) lib/puma/server.rb:332:in `block in run'
puma (3.12.0) lib/puma/thread_pool.rb:133:in `block in spawn_thread'
  Rendering /Users/Stephanie/.rvm/gems/ruby-2.4.0/gems/actionpack-5.0.7/lib/action_dispatch/middleware/templates/rescues/routing_error.html.erb within rescues/layout
  Rendering /Users/Stephanie/.rvm/gems/ruby-2.4.0/gems/actionpack-5.0.7/lib/action_dispatch/middleware/templates/rescues/routing_error.html.erb within rescues/layout
  Rendering /Users/Stephanie/.rvm/gems/ruby-2.4.0/gems/actionpack-5.0.7/lib/action_dispatch/middleware/templates/rescues/_trace.html.erb
  Rendering /Users/Stephanie/.rvm/gems/ruby-2.4.0/gems/actionpack-5.0.7/lib/action_dispatch/middleware/templates/rescues/_trace.html.erb
  Rendered /Users/Stephanie/.rvm/gems/ruby-2.4.0/gems/actionpack-5.0.7/lib/action_dispatch/middleware/templates/rescues/_trace.html.erb (4.0ms)
  Rendered /Users/Stephanie/.rvm/gems/ruby-2.4.0/gems/actionpack-5.0.7/lib/action_dispatch/middleware/templates/rescues/_trace.html.erb (4.3ms)
  Rendered collection of /Users/Stephanie/.rvm/gems/ruby-2.4.0/gems/actionpack-5.0.7/lib/action_dispatch/middleware/templates/routes/_route.html.erb [1 times] (19.9ms)
  Rendered collection of /Users/Stephanie/.rvm/gems/ruby-2.4.0/gems/actionpack-5.0.7/lib/action_dispatch/middleware/templates/routes/_route.html.erb [1 times] (1.5ms)
  Rendered /Users/Stephanie/.rvm/gems/ruby-2.4.0/gems/actionpack-5.0.7/lib/action_dispatch/middleware/templates/routes/_table.html.erb (16.2ms)
  Rendered /Users/Stephanie/.rvm/gems/ruby-2.4.0/gems/actionpack-5.0.7/lib/action_dispatch/middleware/templates/routes/_table.html.erb (13.3ms)
  Rendering /Users/Stephanie/.rvm/gems/ruby-2.4.0/gems/actionpack-5.0.7/lib/action_dispatch/middleware/templates/rescues/_request_and_response.html.erb
  Rendering /Users/Stephanie/.rvm/gems/ruby-2.4.0/gems/actionpack-5.0.7/lib/action_dispatch/middleware/templates/rescues/_request_and_response.html.erb
  Rendered /Users/Stephanie/.rvm/gems/ruby-2.4.0/gems/actionpack-5.0.7/lib/action_dispatch/middleware/templates/rescues/_request_and_response.html.erb (2.2ms)
  Rendered /Users/Stephanie/.rvm/gems/ruby-2.4.0/gems/actionpack-5.0.7/lib/action_dispatch/middleware/templates/rescues/routing_error.html.erb within rescues/layout (498.6ms)
  Rendered /Users/Stephanie/.rvm/gems/ruby-2.4.0/gems/actionpack-5.0.7/lib/action_dispatch/middleware/templates/rescues/_request_and_response.html.erb (1.2ms)
  Rendered /Users/Stephanie/.rvm/gems/ruby-2.4.0/gems/actionpack-5.0.7/lib/action_dispatch/middleware/templates/rescues/routing_error.html.erb within rescues/layout (503.6ms)
Started GET "/" for 127.0.0.1 at 2018-08-22 19:10:34 -0400
  
ActionController::RoutingError (uninitialized constant PagesController):
  
activesupport (5.0.7) lib/active_support/inflector/methods.rb:268:in `const_get'
activesupport (5.0.7) lib/active_support/inflector/methods.rb:268:in `block in constantize'
activesupport (5.0.7) lib/active_support/inflector/methods.rb:266:in `each'
activesupport (5.0.7) lib/active_support/inflector/methods.rb:266:in `inject'
activesupport (5.0.7) lib/active_support/inflector/methods.rb:266:in `constantize'
actionpack (5.0.7) lib/action_dispatch/http/request.rb:81:in `controller_class'
actionpack (5.0.7) lib/action_dispatch/routing/route_set.rb:44:in `controller'
actionpack (5.0.7) lib/action_dispatch/routing/route_set.rb:30:in `serve'
actionpack (5.0.7) lib/action_dispatch/journey/router.rb:39:in `block in serve'
actionpack (5.0.7) lib/action_dispatch/journey/router.rb:26:in `each'
actionpack (5.0.7) lib/action_dispatch/journey/router.rb:26:in `serve'
actionpack (5.0.7) lib/action_dispatch/routing/route_set.rb:727:in `call'
rack (2.0.5) lib/rack/etag.rb:25:in `call'
rack (2.0.5) lib/rack/conditional_get.rb:25:in `call'
rack (2.0.5) lib/rack/head.rb:12:in `call'
rack (2.0.5) lib/rack/session/abstract/id.rb:232:in `context'
rack (2.0.5) lib/rack/session/abstract/id.rb:226:in `call'
actionpack (5.0.7) lib/action_dispatch/middleware/cookies.rb:613:in `call'
activerecord (5.0.7) lib/active_record/migration.rb:553:in `call'
actionpack (5.0.7) lib/action_dispatch/middleware/callbacks.rb:38:in `block in call'
activesupport (5.0.7) lib/active_support/callbacks.rb:97:in `__run_callbacks__'
activesupport (5.0.7) lib/active_support/callbacks.rb:750:in `_run_call_callbacks'
activesupport (5.0.7) lib/active_support/callbacks.rb:90:in `run_callbacks'
actionpack (5.0.7) lib/action_dispatch/middleware/callbacks.rb:36:in `call'
actionpack (5.0.7) lib/action_dispatch/middleware/executor.rb:12:in `call'
actionpack (5.0.7) lib/action_dispatch/middleware/remote_ip.rb:79:in `call'
actionpack (5.0.7) lib/action_dispatch/middleware/debug_exceptions.rb:49:in `call'
web-console (3.6.2) lib/web_console/middleware.rb:135:in `call_app'
web-console (3.6.2) lib/web_console/middleware.rb:30:in `block in call'
web-console (3.6.2) lib/web_console/middleware.rb:20:in `catch'
web-console (3.6.2) lib/web_console/middleware.rb:20:in `call'
actionpack (5.0.7) lib/action_dispatch/middleware/show_exceptions.rb:31:in `call'
railties (5.0.7) lib/rails/rack/logger.rb:36:in `call_app'
railties (5.0.7) lib/rails/rack/logger.rb:24:in `block in call'
activesupport (5.0.7) lib/active_support/tagged_logging.rb:69:in `block in tagged'
activesupport (5.0.7) lib/active_support/tagged_logging.rb:26:in `tagged'
activesupport (5.0.7) lib/active_support/tagged_logging.rb:69:in `tagged'
railties (5.0.7) lib/rails/rack/logger.rb:24:in `call'
sprockets-rails (3.2.1) lib/sprockets/rails/quiet_assets.rb:13:in `call'
actionpack (5.0.7) lib/action_dispatch/middleware/request_id.rb:24:in `call'
rack (2.0.5) lib/rack/method_override.rb:22:in `call'
rack (2.0.5) lib/rack/runtime.rb:22:in `call'
activesupport (5.0.7) lib/active_support/cache/strategy/local_cache_middleware.rb:28:in `call'
actionpack (5.0.7) lib/action_dispatch/middleware/executor.rb:12:in `call'
actionpack (5.0.7) lib/action_dispatch/middleware/static.rb:136:in `call'
rack (2.0.5) lib/rack/sendfile.rb:111:in `call'
railties (5.0.7) lib/rails/engine.rb:522:in `call'
puma (3.12.0) lib/puma/configuration.rb:225:in `call'
puma (3.12.0) lib/puma/server.rb:658:in `handle_request'
puma (3.12.0) lib/puma/server.rb:472:in `process_client'
puma (3.12.0) lib/puma/server.rb:332:in `block in run'
puma (3.12.0) lib/puma/thread_pool.rb:133:in `block in spawn_thread'
  Rendering /Users/Stephanie/.rvm/gems/ruby-2.4.0/gems/actionpack-5.0.7/lib/action_dispatch/middleware/templates/rescues/routing_error.html.erb within rescues/layout
  Rendering /Users/Stephanie/.rvm/gems/ruby-2.4.0/gems/actionpack-5.0.7/lib/action_dispatch/middleware/templates/rescues/_trace.html.erb
  Rendered /Users/Stephanie/.rvm/gems/ruby-2.4.0/gems/actionpack-5.0.7/lib/action_dispatch/middleware/templates/rescues/_trace.html.erb (1.3ms)
  Rendered collection of /Users/Stephanie/.rvm/gems/ruby-2.4.0/gems/actionpack-5.0.7/lib/action_dispatch/middleware/templates/routes/_route.html.erb [1 times] (1.3ms)
  Rendered /Users/Stephanie/.rvm/gems/ruby-2.4.0/gems/actionpack-5.0.7/lib/action_dispatch/middleware/templates/routes/_table.html.erb (13.0ms)
  Rendering /Users/Stephanie/.rvm/gems/ruby-2.4.0/gems/actionpack-5.0.7/lib/action_dispatch/middleware/templates/rescues/_request_and_response.html.erb
  Rendered /Users/Stephanie/.rvm/gems/ruby-2.4.0/gems/actionpack-5.0.7/lib/action_dispatch/middleware/templates/rescues/_request_and_response.html.erb (17.9ms)
  Rendered /Users/Stephanie/.rvm/gems/ruby-2.4.0/gems/actionpack-5.0.7/lib/action_dispatch/middleware/templates/rescues/routing_error.html.erb within rescues/layout (219.2ms)
Started GET "/" for 127.0.0.1 at 2018-08-22 19:10:44 -0400
  
ActionController::RoutingError (uninitialized constant PagesController):
  
activesupport (5.0.7) lib/active_support/inflector/methods.rb:268:in `const_get'
activesupport (5.0.7) lib/active_support/inflector/methods.rb:268:in `block in constantize'
activesupport (5.0.7) lib/active_support/inflector/methods.rb:266:in `each'
activesupport (5.0.7) lib/active_support/inflector/methods.rb:266:in `inject'
activesupport (5.0.7) lib/active_support/inflector/methods.rb:266:in `constantize'
actionpack (5.0.7) lib/action_dispatch/http/request.rb:81:in `controller_class'
actionpack (5.0.7) lib/action_dispatch/routing/route_set.rb:44:in `controller'
actionpack (5.0.7) lib/action_dispatch/routing/route_set.rb:30:in `serve'
actionpack (5.0.7) lib/action_dispatch/journey/router.rb:39:in `block in serve'
actionpack (5.0.7) lib/action_dispatch/journey/router.rb:26:in `each'
actionpack (5.0.7) lib/action_dispatch/journey/router.rb:26:in `serve'
actionpack (5.0.7) lib/action_dispatch/routing/route_set.rb:727:in `call'
rack (2.0.5) lib/rack/etag.rb:25:in `call'
rack (2.0.5) lib/rack/conditional_get.rb:25:in `call'
rack (2.0.5) lib/rack/head.rb:12:in `call'
rack (2.0.5) lib/rack/session/abstract/id.rb:232:in `context'
rack (2.0.5) lib/rack/session/abstract/id.rb:226:in `call'
actionpack (5.0.7) lib/action_dispatch/middleware/cookies.rb:613:in `call'
activerecord (5.0.7) lib/active_record/migration.rb:553:in `call'
actionpack (5.0.7) lib/action_dispatch/middleware/callbacks.rb:38:in `block in call'
activesupport (5.0.7) lib/active_support/callbacks.rb:97:in `__run_callbacks__'
activesupport (5.0.7) lib/active_support/callbacks.rb:750:in `_run_call_callbacks'
activesupport (5.0.7) lib/active_support/callbacks.rb:90:in `run_callbacks'
actionpack (5.0.7) lib/action_dispatch/middleware/callbacks.rb:36:in `call'
actionpack (5.0.7) lib/action_dispatch/middleware/executor.rb:12:in `call'
actionpack (5.0.7) lib/action_dispatch/middleware/remote_ip.rb:79:in `call'
actionpack (5.0.7) lib/action_dispatch/middleware/debug_exceptions.rb:49:in `call'
web-console (3.6.2) lib/web_console/middleware.rb:135:in `call_app'
web-console (3.6.2) lib/web_console/middleware.rb:30:in `block in call'
web-console (3.6.2) lib/web_console/middleware.rb:20:in `catch'
web-console (3.6.2) lib/web_console/middleware.rb:20:in `call'
actionpack (5.0.7) lib/action_dispatch/middleware/show_exceptions.rb:31:in `call'
railties (5.0.7) lib/rails/rack/logger.rb:36:in `call_app'
railties (5.0.7) lib/rails/rack/logger.rb:24:in `block in call'
activesupport (5.0.7) lib/active_support/tagged_logging.rb:69:in `block in tagged'
activesupport (5.0.7) lib/active_support/tagged_logging.rb:26:in `tagged'
activesupport (5.0.7) lib/active_support/tagged_logging.rb:69:in `tagged'
railties (5.0.7) lib/rails/rack/logger.rb:24:in `call'
sprockets-rails (3.2.1) lib/sprockets/rails/quiet_assets.rb:13:in `call'
actionpack (5.0.7) lib/action_dispatch/middleware/request_id.rb:24:in `call'
rack (2.0.5) lib/rack/method_override.rb:22:in `call'
rack (2.0.5) lib/rack/runtime.rb:22:in `call'
activesupport (5.0.7) lib/active_support/cache/strategy/local_cache_middleware.rb:28:in `call'
actionpack (5.0.7) lib/action_dispatch/middleware/executor.rb:12:in `call'
actionpack (5.0.7) lib/action_dispatch/middleware/static.rb:136:in `call'
rack (2.0.5) lib/rack/sendfile.rb:111:in `call'
railties (5.0.7) lib/rails/engine.rb:522:in `call'
puma (3.12.0) lib/puma/configuration.rb:225:in `call'
puma (3.12.0) lib/puma/server.rb:658:in `handle_request'
puma (3.12.0) lib/puma/server.rb:472:in `process_client'
puma (3.12.0) lib/puma/server.rb:332:in `block in run'
puma (3.12.0) lib/puma/thread_pool.rb:133:in `block in spawn_thread'
  Rendering /Users/Stephanie/.rvm/gems/ruby-2.4.0/gems/actionpack-5.0.7/lib/action_dispatch/middleware/templates/rescues/routing_error.html.erb within rescues/layout
  Rendering /Users/Stephanie/.rvm/gems/ruby-2.4.0/gems/actionpack-5.0.7/lib/action_dispatch/middleware/templates/rescues/_trace.html.erb
  Rendered /Users/Stephanie/.rvm/gems/ruby-2.4.0/gems/actionpack-5.0.7/lib/action_dispatch/middleware/templates/rescues/_trace.html.erb (2.0ms)
  Rendered collection of /Users/Stephanie/.rvm/gems/ruby-2.4.0/gems/actionpack-5.0.7/lib/action_dispatch/middleware/templates/routes/_route.html.erb [1 times] (0.9ms)
  Rendered /Users/Stephanie/.rvm/gems/ruby-2.4.0/gems/actionpack-5.0.7/lib/action_dispatch/middleware/templates/routes/_table.html.erb (1.8ms)
  Rendering /Users/Stephanie/.rvm/gems/ruby-2.4.0/gems/actionpack-5.0.7/lib/action_dispatch/middleware/templates/rescues/_request_and_response.html.erb
  Rendered /Users/Stephanie/.rvm/gems/ruby-2.4.0/gems/actionpack-5.0.7/lib/action_dispatch/middleware/templates/rescues/_request_and_response.html.erb (1.7ms)
  Rendered /Users/Stephanie/.rvm/gems/ruby-2.4.0/gems/actionpack-5.0.7/lib/action_dispatch/middleware/templates/rescues/routing_error.html.erb within rescues/layout (192.2ms)
Started GET "/" for 127.0.0.1 at 2018-08-22 19:12:26 -0400
  
LoadError (Unable to autoload constant PagesController, expected /Users/Stephanie/Desktop/Portfolio/Projects/auth_app/app/controllers/pages_controller.rb to define it):
  
activesupport (5.0.7) lib/active_support/dependencies.rb:513:in `load_missing_constant'
activesupport (5.0.7) lib/active_support/dependencies.rb:203:in `const_missing'
activesupport (5.0.7) lib/active_support/inflector/methods.rb:268:in `const_get'
activesupport (5.0.7) lib/active_support/inflector/methods.rb:268:in `block in constantize'
activesupport (5.0.7) lib/active_support/inflector/methods.rb:266:in `each'
activesupport (5.0.7) lib/active_support/inflector/methods.rb:266:in `inject'
activesupport (5.0.7) lib/active_support/inflector/methods.rb:266:in `constantize'
activesupport (5.0.7) lib/active_support/dependencies.rb:584:in `get'
activesupport (5.0.7) lib/active_support/dependencies.rb:615:in `constantize'
actionpack (5.0.7) lib/action_dispatch/http/request.rb:81:in `controller_class'
actionpack (5.0.7) lib/action_dispatch/routing/route_set.rb:44:in `controller'
actionpack (5.0.7) lib/action_dispatch/routing/route_set.rb:30:in `serve'
actionpack (5.0.7) lib/action_dispatch/journey/router.rb:39:in `block in serve'
actionpack (5.0.7) lib/action_dispatch/journey/router.rb:26:in `each'
actionpack (5.0.7) lib/action_dispatch/journey/router.rb:26:in `serve'
actionpack (5.0.7) lib/action_dispatch/routing/route_set.rb:727:in `call'
rack (2.0.5) lib/rack/etag.rb:25:in `call'
rack (2.0.5) lib/rack/conditional_get.rb:25:in `call'
rack (2.0.5) lib/rack/head.rb:12:in `call'
rack (2.0.5) lib/rack/session/abstract/id.rb:232:in `context'
rack (2.0.5) lib/rack/session/abstract/id.rb:226:in `call'
actionpack (5.0.7) lib/action_dispatch/middleware/cookies.rb:613:in `call'
activerecord (5.0.7) lib/active_record/migration.rb:553:in `call'
actionpack (5.0.7) lib/action_dispatch/middleware/callbacks.rb:38:in `block in call'
activesupport (5.0.7) lib/active_support/callbacks.rb:97:in `__run_callbacks__'
activesupport (5.0.7) lib/active_support/callbacks.rb:750:in `_run_call_callbacks'
activesupport (5.0.7) lib/active_support/callbacks.rb:90:in `run_callbacks'
actionpack (5.0.7) lib/action_dispatch/middleware/callbacks.rb:36:in `call'
actionpack (5.0.7) lib/action_dispatch/middleware/executor.rb:12:in `call'
actionpack (5.0.7) lib/action_dispatch/middleware/remote_ip.rb:79:in `call'
actionpack (5.0.7) lib/action_dispatch/middleware/debug_exceptions.rb:49:in `call'
web-console (3.6.2) lib/web_console/middleware.rb:135:in `call_app'
web-console (3.6.2) lib/web_console/middleware.rb:30:in `block in call'
web-console (3.6.2) lib/web_console/middleware.rb:20:in `catch'
web-console (3.6.2) lib/web_console/middleware.rb:20:in `call'
actionpack (5.0.7) lib/action_dispatch/middleware/show_exceptions.rb:31:in `call'
railties (5.0.7) lib/rails/rack/logger.rb:36:in `call_app'
railties (5.0.7) lib/rails/rack/logger.rb:24:in `block in call'
activesupport (5.0.7) lib/active_support/tagged_logging.rb:69:in `block in tagged'
activesupport (5.0.7) lib/active_support/tagged_logging.rb:26:in `tagged'
activesupport (5.0.7) lib/active_support/tagged_logging.rb:69:in `tagged'
railties (5.0.7) lib/rails/rack/logger.rb:24:in `call'
sprockets-rails (3.2.1) lib/sprockets/rails/quiet_assets.rb:13:in `call'
actionpack (5.0.7) lib/action_dispatch/middleware/request_id.rb:24:in `call'
rack (2.0.5) lib/rack/method_override.rb:22:in `call'
rack (2.0.5) lib/rack/runtime.rb:22:in `call'
activesupport (5.0.7) lib/active_support/cache/strategy/local_cache_middleware.rb:28:in `call'
actionpack (5.0.7) lib/action_dispatch/middleware/executor.rb:12:in `call'
actionpack (5.0.7) lib/action_dispatch/middleware/static.rb:136:in `call'
rack (2.0.5) lib/rack/sendfile.rb:111:in `call'
railties (5.0.7) lib/rails/engine.rb:522:in `call'
puma (3.12.0) lib/puma/configuration.rb:225:in `call'
puma (3.12.0) lib/puma/server.rb:658:in `handle_request'
puma (3.12.0) lib/puma/server.rb:472:in `process_client'
puma (3.12.0) lib/puma/server.rb:332:in `block in run'
puma (3.12.0) lib/puma/thread_pool.rb:133:in `block in spawn_thread'
  Rendering /Users/Stephanie/.rvm/gems/ruby-2.4.0/gems/actionpack-5.0.7/lib/action_dispatch/middleware/templates/rescues/diagnostics.html.erb within rescues/layout
  Rendering /Users/Stephanie/.rvm/gems/ruby-2.4.0/gems/actionpack-5.0.7/lib/action_dispatch/middleware/templates/rescues/_source.html.erb
  Rendered /Users/Stephanie/.rvm/gems/ruby-2.4.0/gems/actionpack-5.0.7/lib/action_dispatch/middleware/templates/rescues/_source.html.erb (2.7ms)
  Rendering /Users/Stephanie/.rvm/gems/ruby-2.4.0/gems/actionpack-5.0.7/lib/action_dispatch/middleware/templates/rescues/_trace.html.erb
  Rendered /Users/Stephanie/.rvm/gems/ruby-2.4.0/gems/actionpack-5.0.7/lib/action_dispatch/middleware/templates/rescues/_trace.html.erb (1.6ms)
  Rendering /Users/Stephanie/.rvm/gems/ruby-2.4.0/gems/actionpack-5.0.7/lib/action_dispatch/middleware/templates/rescues/_request_and_response.html.erb
  Rendered /Users/Stephanie/.rvm/gems/ruby-2.4.0/gems/actionpack-5.0.7/lib/action_dispatch/middleware/templates/rescues/_request_and_response.html.erb (11.3ms)
  Rendered /Users/Stephanie/.rvm/gems/ruby-2.4.0/gems/actionpack-5.0.7/lib/action_dispatch/middleware/templates/rescues/diagnostics.html.erb within rescues/layout (135.4ms)
Started GET "/" for 127.0.0.1 at 2018-08-22 19:13:12 -0400
Processing by PagesController#root as HTML
  Rendering pages/root.html.erb within layouts/application
  Rendered pages/root.html.erb within layouts/application (3.9ms)
Completed 200 OK in 716ms (Views: 695.0ms | ActiveRecord: 0.0ms)


  [1m[35m (1.4ms)[0m  [1m[35mCREATE TABLE "schema_migrations" ("version" varchar NOT NULL PRIMARY KEY)[0m
  [1m[35m (1.2ms)[0m  [1m[35mCREATE TABLE "ar_internal_metadata" ("key" varchar NOT NULL PRIMARY KEY, "value" varchar, "created_at" datetime NOT NULL, "updated_at" datetime NOT NULL)[0m
  [1m[36mActiveRecord::SchemaMigration Load (0.1ms)[0m  [1m[34mSELECT "schema_migrations".* FROM "schema_migrations"[0m
Migrating to CreateUsers (20180822231620)
  [1m[35m (0.1ms)[0m  [1m[36mbegin transaction[0m
  [1m[35m (0.5ms)[0m  [1m[35mCREATE TABLE "users" ("id" INTEGER PRIMARY KEY AUTOINCREMENT NOT NULL, "name" varchar, "created_at" datetime NOT NULL, "updated_at" datetime NOT NULL)[0m
  [1m[35mSQL (0.3ms)[0m  [1m[32mINSERT INTO "schema_migrations" ("version") VALUES (?)[0m  [["version", "20180822231620"]]
  [1m[35m (1.1ms)[0m  [1m[36mcommit transaction[0m
  [1m[36mActiveRecord::InternalMetadata Load (0.1ms)[0m  [1m[34mSELECT  "ar_internal_metadata".* FROM "ar_internal_metadata" WHERE "ar_internal_metadata"."key" = ? LIMIT ?[0m  [["key", "environment"], ["LIMIT", 1]]
  [1m[35m (0.1ms)[0m  [1m[36mbegin transaction[0m
  [1m[35mSQL (0.3ms)[0m  [1m[32mINSERT INTO "ar_internal_metadata" ("key", "value", "created_at", "updated_at") VALUES (?, ?, ?, ?)[0m  [["key", "environment"], ["value", "development"], ["created_at", "2018-08-22 23:16:31.200172"], ["updated_at", "2018-08-22 23:16:31.200172"]]
  [1m[35m (0.8ms)[0m  [1m[36mcommit transaction[0m
  [1m[36mActiveRecord::SchemaMigration Load (0.1ms)[0m  [1m[34mSELECT "schema_migrations".* FROM "schema_migrations"[0m
Started GET "/user" for 127.0.0.1 at 2018-08-22 19:18:35 -0400
  [1m[36mActiveRecord::SchemaMigration Load (0.2ms)[0m  [1m[34mSELECT "schema_migrations".* FROM "schema_migrations"[0m
  
ActionController::RoutingError (No route matches [GET] "/user"):
  
actionpack (5.0.7) lib/action_dispatch/middleware/debug_exceptions.rb:53:in `call'
web-console (3.6.2) lib/web_console/middleware.rb:135:in `call_app'
web-console (3.6.2) lib/web_console/middleware.rb:30:in `block in call'
web-console (3.6.2) lib/web_console/middleware.rb:20:in `catch'
web-console (3.6.2) lib/web_console/middleware.rb:20:in `call'
actionpack (5.0.7) lib/action_dispatch/middleware/show_exceptions.rb:31:in `call'
railties (5.0.7) lib/rails/rack/logger.rb:36:in `call_app'
railties (5.0.7) lib/rails/rack/logger.rb:24:in `block in call'
activesupport (5.0.7) lib/active_support/tagged_logging.rb:69:in `block in tagged'
activesupport (5.0.7) lib/active_support/tagged_logging.rb:26:in `tagged'
activesupport (5.0.7) lib/active_support/tagged_logging.rb:69:in `tagged'
railties (5.0.7) lib/rails/rack/logger.rb:24:in `call'
sprockets-rails (3.2.1) lib/sprockets/rails/quiet_assets.rb:13:in `call'
actionpack (5.0.7) lib/action_dispatch/middleware/request_id.rb:24:in `call'
rack (2.0.5) lib/rack/method_override.rb:22:in `call'
rack (2.0.5) lib/rack/runtime.rb:22:in `call'
activesupport (5.0.7) lib/active_support/cache/strategy/local_cache_middleware.rb:28:in `call'
actionpack (5.0.7) lib/action_dispatch/middleware/executor.rb:12:in `call'
actionpack (5.0.7) lib/action_dispatch/middleware/static.rb:136:in `call'
rack (2.0.5) lib/rack/sendfile.rb:111:in `call'
railties (5.0.7) lib/rails/engine.rb:522:in `call'
puma (3.12.0) lib/puma/configuration.rb:225:in `call'
puma (3.12.0) lib/puma/server.rb:658:in `handle_request'
puma (3.12.0) lib/puma/server.rb:472:in `process_client'
puma (3.12.0) lib/puma/server.rb:332:in `block in run'
puma (3.12.0) lib/puma/thread_pool.rb:133:in `block in spawn_thread'
  Rendering /Users/Stephanie/.rvm/gems/ruby-2.4.0/gems/actionpack-5.0.7/lib/action_dispatch/middleware/templates/rescues/routing_error.html.erb within rescues/layout
  Rendering /Users/Stephanie/.rvm/gems/ruby-2.4.0/gems/actionpack-5.0.7/lib/action_dispatch/middleware/templates/rescues/_trace.html.erb
  Rendered /Users/Stephanie/.rvm/gems/ruby-2.4.0/gems/actionpack-5.0.7/lib/action_dispatch/middleware/templates/rescues/_trace.html.erb (1.8ms)
  Rendered collection of /Users/Stephanie/.rvm/gems/ruby-2.4.0/gems/actionpack-5.0.7/lib/action_dispatch/middleware/templates/routes/_route.html.erb [9 times] (12.4ms)
  Rendered /Users/Stephanie/.rvm/gems/ruby-2.4.0/gems/actionpack-5.0.7/lib/action_dispatch/middleware/templates/routes/_table.html.erb (12.2ms)
  Rendering /Users/Stephanie/.rvm/gems/ruby-2.4.0/gems/actionpack-5.0.7/lib/action_dispatch/middleware/templates/rescues/_request_and_response.html.erb
  Rendered /Users/Stephanie/.rvm/gems/ruby-2.4.0/gems/actionpack-5.0.7/lib/action_dispatch/middleware/templates/rescues/_request_and_response.html.erb (15.3ms)
  Rendered /Users/Stephanie/.rvm/gems/ruby-2.4.0/gems/actionpack-5.0.7/lib/action_dispatch/middleware/templates/rescues/routing_error.html.erb within rescues/layout (292.6ms)
Started GET "/users" for 127.0.0.1 at 2018-08-22 19:18:39 -0400
Processing by UsersController#index as HTML
  Rendering users/index.html.erb within layouts/application
  [1m[36mUser Load (0.7ms)[0m  [1m[34mSELECT "users".* FROM "users"[0m
  Rendered users/index.html.erb within layouts/application (6.1ms)
Completed 200 OK in 1341ms (Views: 1327.6ms | ActiveRecord: 1.3ms)


Started GET "/users/new" for 127.0.0.1 at 2018-08-22 19:18:46 -0400
Processing by UsersController#new as HTML
  Rendering users/new.html.erb within layouts/application
  Rendered users/_form.html.erb (18.7ms)
  Rendered users/new.html.erb within layouts/application (22.4ms)
Completed 200 OK in 75ms (Views: 58.5ms | ActiveRecord: 1.5ms)


Started POST "/users" for 127.0.0.1 at 2018-08-22 19:18:56 -0400
Processing by UsersController#create as HTML
  Parameters: {"utf8"=>"✓", "authenticity_token"=>"9WCxeXsdZ23tpX0VPYoqkoJ8eV/rzISk460jQOGO8pROghHPY8Bl5U3eCukxqUSZqn4RQ+X+9xJdbkmPjtXSdg==", "user"=>{"name"=>"Shonore"}, "commit"=>"Create User"}
  [1m[35m (0.2ms)[0m  [1m[36mbegin transaction[0m
  [1m[35mSQL (1.5ms)[0m  [1m[32mINSERT INTO "users" ("name", "created_at", "updated_at") VALUES (?, ?, ?)[0m  [["name", "Shonore"], ["created_at", "2018-08-22 23:18:56.478968"], ["updated_at", "2018-08-22 23:18:56.478968"]]
  [1m[35m (1.1ms)[0m  [1m[36mcommit transaction[0m
Redirected to http://localhost:3000/users/1
Completed 302 Found in 16ms (ActiveRecord: 2.8ms)


Started GET "/users/1" for 127.0.0.1 at 2018-08-22 19:18:56 -0400
Processing by UsersController#show as HTML
  Parameters: {"id"=>"1"}
  [1m[36mUser Load (0.5ms)[0m  [1m[34mSELECT  "users".* FROM "users" WHERE "users"."id" = ? LIMIT ?[0m  [["id", 1], ["LIMIT", 1]]
  Rendering users/show.html.erb within layouts/application
  Rendered users/show.html.erb within layouts/application (1.0ms)
Completed 200 OK in 67ms (Views: 56.2ms | ActiveRecord: 0.5ms)


Started GET "/users/1/edit" for 127.0.0.1 at 2018-08-22 19:19:00 -0400
Processing by UsersController#edit as HTML
  Parameters: {"id"=>"1"}
  [1m[36mUser Load (0.4ms)[0m  [1m[34mSELECT  "users".* FROM "users" WHERE "users"."id" = ? LIMIT ?[0m  [["id", 1], ["LIMIT", 1]]
  Rendering users/edit.html.erb within layouts/application
  Rendered users/_form.html.erb (3.7ms)
  Rendered users/edit.html.erb within layouts/application (8.9ms)
Completed 200 OK in 65ms (Views: 58.7ms | ActiveRecord: 0.4ms)


Started GET "/users" for 127.0.0.1 at 2018-08-22 19:19:02 -0400
Processing by UsersController#index as HTML
  Rendering users/index.html.erb within layouts/application
  [1m[36mUser Load (0.2ms)[0m  [1m[34mSELECT "users".* FROM "users"[0m
  Rendered users/index.html.erb within layouts/application (2.9ms)
Completed 200 OK in 76ms (Views: 70.5ms | ActiveRecord: 0.2ms)


Started GET "/users/1" for 127.0.0.1 at 2018-08-22 19:19:04 -0400
Processing by UsersController#show as HTML
  Parameters: {"id"=>"1"}
  [1m[36mUser Load (0.1ms)[0m  [1m[34mSELECT  "users".* FROM "users" WHERE "users"."id" = ? LIMIT ?[0m  [["id", 1], ["LIMIT", 1]]
  Rendering users/show.html.erb within layouts/application
  Rendered users/show.html.erb within layouts/application (1.3ms)
Completed 200 OK in 48ms (Views: 43.6ms | ActiveRecord: 0.1ms)


Started GET "/users" for 127.0.0.1 at 2018-08-22 19:19:06 -0400
Processing by UsersController#index as HTML
  Rendering users/index.html.erb within layouts/application
  [1m[36mUser Load (0.2ms)[0m  [1m[34mSELECT "users".* FROM "users"[0m
  Rendered users/index.html.erb within layouts/application (2.2ms)
Completed 200 OK in 37ms (Views: 32.6ms | ActiveRecord: 0.2ms)


Started GET "/users/1" for 127.0.0.1 at 2018-08-22 19:19:09 -0400
Processing by UsersController#show as HTML
  Parameters: {"id"=>"1"}
  [1m[36mUser Load (0.3ms)[0m  [1m[34mSELECT  "users".* FROM "users" WHERE "users"."id" = ? LIMIT ?[0m  [["id", 1], ["LIMIT", 1]]
  Rendering users/show.html.erb within layouts/application
  Rendered users/show.html.erb within layouts/application (0.8ms)
Completed 200 OK in 46ms (Views: 40.3ms | ActiveRecord: 0.3ms)


Started GET "/users" for 127.0.0.1 at 2018-08-22 19:19:11 -0400
Processing by UsersController#index as HTML
  Rendering users/index.html.erb within layouts/application
  [1m[36mUser Load (0.2ms)[0m  [1m[34mSELECT "users".* FROM "users"[0m
  Rendered users/index.html.erb within layouts/application (2.3ms)
Completed 200 OK in 45ms (Views: 40.4ms | ActiveRecord: 0.2ms)


Started GET "/users/1/edit" for 127.0.0.1 at 2018-08-22 19:19:12 -0400
Processing by UsersController#edit as HTML
  Parameters: {"id"=>"1"}
  [1m[36mUser Load (0.2ms)[0m  [1m[34mSELECT  "users".* FROM "users" WHERE "users"."id" = ? LIMIT ?[0m  [["id", 1], ["LIMIT", 1]]
  Rendering users/edit.html.erb within layouts/application
  Rendered users/_form.html.erb (2.1ms)
  Rendered users/edit.html.erb within layouts/application (7.0ms)
Completed 200 OK in 46ms (Views: 39.3ms | ActiveRecord: 0.2ms)


Started PATCH "/users/1" for 127.0.0.1 at 2018-08-22 19:19:16 -0400
Processing by UsersController#update as HTML
  Parameters: {"utf8"=>"✓", "authenticity_token"=>"lT5ge4lMbCS/ty6j+WfiskcgToQOHwc97jon/DSrLZNFSMjZp7M39vcR7sh+4x53vNN+tAknjEtbHNTKqzOCeQ==", "user"=>{"name"=>"Shonore1"}, "commit"=>"Update User", "id"=>"1"}
  [1m[36mUser Load (0.2ms)[0m  [1m[34mSELECT  "users".* FROM "users" WHERE "users"."id" = ? LIMIT ?[0m  [["id", 1], ["LIMIT", 1]]
  [1m[35m (0.1ms)[0m  [1m[36mbegin transaction[0m
  [1m[35mSQL (1.0ms)[0m  [1m[33mUPDATE "users" SET "name" = ?, "updated_at" = ? WHERE "users"."id" = ?[0m  [["name", "Shonore1"], ["updated_at", "2018-08-22 23:19:16.602579"], ["id", 1]]
  [1m[35m (1.2ms)[0m  [1m[36mcommit transaction[0m
Redirected to http://localhost:3000/users/1
Completed 302 Found in 9ms (ActiveRecord: 2.5ms)


Started GET "/users/1" for 127.0.0.1 at 2018-08-22 19:19:16 -0400
Processing by UsersController#show as HTML
  Parameters: {"id"=>"1"}
  [1m[36mUser Load (0.2ms)[0m  [1m[34mSELECT  "users".* FROM "users" WHERE "users"."id" = ? LIMIT ?[0m  [["id", 1], ["LIMIT", 1]]
  Rendering users/show.html.erb within layouts/application
  Rendered users/show.html.erb within layouts/application (0.9ms)
Completed 200 OK in 53ms (Views: 48.2ms | ActiveRecord: 0.2ms)


Started GET "/users" for 127.0.0.1 at 2018-08-22 19:19:18 -0400
Processing by UsersController#index as HTML
  Rendering users/index.html.erb within layouts/application
  [1m[36mUser Load (0.3ms)[0m  [1m[34mSELECT "users".* FROM "users"[0m
  Rendered users/index.html.erb within layouts/application (2.0ms)
Completed 200 OK in 36ms (Views: 31.9ms | ActiveRecord: 0.3ms)


Started GET "/users/new" for 127.0.0.1 at 2018-08-22 19:21:06 -0400
Processing by UsersController#new as HTML
  Rendering users/new.html.erb within layouts/application
  Rendered users/_form.html.erb (2.2ms)
  Rendered users/new.html.erb within layouts/application (6.4ms)
Completed 200 OK in 88ms (Views: 84.1ms | ActiveRecord: 0.0ms)


Started POST "/users" for 127.0.0.1 at 2018-08-22 19:21:11 -0400
Processing by UsersController#create as HTML
  Parameters: {"utf8"=>"✓", "authenticity_token"=>"V4l093HxfmRET3MDS7xqJm5Wb1N7IpHxe9HbyvEibevsa9RBaSx87OQ0BP9HnwQtRlQHT3UQ4kfFErEFnnlNCQ==", "user"=>{"name"=>"Obinna"}, "commit"=>"Create User"}
  [1m[35m (0.1ms)[0m  [1m[36mbegin transaction[0m
  [1m[35mSQL (1.0ms)[0m  [1m[32mINSERT INTO "users" ("name", "created_at", "updated_at") VALUES (?, ?, ?)[0m  [["name", "Obinna"], ["created_at", "2018-08-22 23:21:11.968092"], ["updated_at", "2018-08-22 23:21:11.968092"]]
  [1m[35m (1.4ms)[0m  [1m[36mcommit transaction[0m
Redirected to http://localhost:3000/users/2
Completed 302 Found in 7ms (ActiveRecord: 2.5ms)


Started GET "/users/2" for 127.0.0.1 at 2018-08-22 19:21:11 -0400
Processing by UsersController#show as HTML
  Parameters: {"id"=>"2"}
  [1m[36mUser Load (0.4ms)[0m  [1m[34mSELECT  "users".* FROM "users" WHERE "users"."id" = ? LIMIT ?[0m  [["id", 2], ["LIMIT", 1]]
  Rendering users/show.html.erb within layouts/application
  Rendered users/show.html.erb within layouts/application (0.6ms)
Completed 200 OK in 34ms (Views: 28.6ms | ActiveRecord: 0.4ms)


Started GET "/users" for 127.0.0.1 at 2018-08-22 19:21:14 -0400
Processing by UsersController#index as HTML
  Rendering users/index.html.erb within layouts/application
  [1m[36mUser Load (0.4ms)[0m  [1m[34mSELECT "users".* FROM "users"[0m
  Rendered users/index.html.erb within layouts/application (2.5ms)
Completed 200 OK in 41ms (Views: 36.7ms | ActiveRecord: 0.4ms)


Started GET "/users/new" for 127.0.0.1 at 2018-08-22 19:21:15 -0400
Processing by UsersController#new as HTML
  Rendering users/new.html.erb within layouts/application
  Rendered users/_form.html.erb (3.6ms)
  Rendered users/new.html.erb within layouts/application (7.2ms)
Completed 200 OK in 41ms (Views: 37.4ms | ActiveRecord: 0.0ms)


Started POST "/users" for 127.0.0.1 at 2018-08-22 19:21:18 -0400
Processing by UsersController#create as HTML
  Parameters: {"utf8"=>"✓", "authenticity_token"=>"cWvS71eZ6cgyURdhRyow6BlI9ePWH+1+u+PS98s3dRPKiXJZT0TrQJIqYJ1LCV7jMUqd/9gtnsgFILg4pGxV8Q==", "user"=>{"name"=>"Sean"}, "commit"=>"Create User"}
  [1m[35m (0.1ms)[0m  [1m[36mbegin transaction[0m
  [1m[35mSQL (0.4ms)[0m  [1m[32mINSERT INTO "users" ("name", "created_at", "updated_at") VALUES (?, ?, ?)[0m  [["name", "Sean"], ["created_at", "2018-08-22 23:21:18.093751"], ["updated_at", "2018-08-22 23:21:18.093751"]]
  [1m[35m (0.9ms)[0m  [1m[36mcommit transaction[0m
Redirected to http://localhost:3000/users/3
Completed 302 Found in 5ms (ActiveRecord: 1.4ms)


Started GET "/users/3" for 127.0.0.1 at 2018-08-22 19:21:18 -0400
Processing by UsersController#show as HTML
  Parameters: {"id"=>"3"}
  [1m[36mUser Load (0.1ms)[0m  [1m[34mSELECT  "users".* FROM "users" WHERE "users"."id" = ? LIMIT ?[0m  [["id", 3], ["LIMIT", 1]]
  Rendering users/show.html.erb within layouts/application
  Rendered users/show.html.erb within layouts/application (0.6ms)
Completed 200 OK in 40ms (Views: 36.3ms | ActiveRecord: 0.1ms)


Started GET "/users" for 127.0.0.1 at 2018-08-22 19:21:19 -0400
Processing by UsersController#index as HTML
  Rendering users/index.html.erb within layouts/application
  [1m[36mUser Load (0.3ms)[0m  [1m[34mSELECT "users".* FROM "users"[0m
  Rendered users/index.html.erb within layouts/application (2.9ms)
Completed 200 OK in 44ms (Views: 40.0ms | ActiveRecord: 0.3ms)


Started GET "/users/new" for 127.0.0.1 at 2018-08-22 19:21:27 -0400
Processing by UsersController#new as HTML
  Rendering users/new.html.erb within layouts/application
  Rendered users/_form.html.erb (2.0ms)
  Rendered users/new.html.erb within layouts/application (6.3ms)
Completed 200 OK in 42ms (Views: 38.0ms | ActiveRecord: 0.0ms)


Started POST "/users" for 127.0.0.1 at 2018-08-22 19:21:31 -0400
Processing by UsersController#create as HTML
  Parameters: {"utf8"=>"✓", "authenticity_token"=>"tYZcOF3ukXJ2v/+0g/Wu8epWyWmVwnkIusqmZOjRZakOZPyORTOT+tbEiEiP1sD6wlShdZvwCr4ECcyrh4pFSw==", "user"=>{"name"=>"Tami"}, "commit"=>"Create User"}
  [1m[35m (0.1ms)[0m  [1m[36mbegin transaction[0m
  [1m[35mSQL (0.5ms)[0m  [1m[32mINSERT INTO "users" ("name", "created_at", "updated_at") VALUES (?, ?, ?)[0m  [["name", "Tami"], ["created_at", "2018-08-22 23:21:31.054812"], ["updated_at", "2018-08-22 23:21:31.054812"]]
  [1m[35m (1.2ms)[0m  [1m[36mcommit transaction[0m
Redirected to http://localhost:3000/users/4
Completed 302 Found in 6ms (ActiveRecord: 1.9ms)


Started GET "/users/4" for 127.0.0.1 at 2018-08-22 19:21:31 -0400
Processing by UsersController#show as HTML
  Parameters: {"id"=>"4"}
  [1m[36mUser Load (0.3ms)[0m  [1m[34mSELECT  "users".* FROM "users" WHERE "users"."id" = ? LIMIT ?[0m  [["id", 4], ["LIMIT", 1]]
  Rendering users/show.html.erb within layouts/application
  Rendered users/show.html.erb within layouts/application (1.0ms)
Completed 200 OK in 34ms (Views: 29.7ms | ActiveRecord: 0.3ms)


Started GET "/users" for 127.0.0.1 at 2018-08-22 19:21:32 -0400
Processing by UsersController#index as HTML
  Rendering users/index.html.erb within layouts/application
  [1m[36mUser Load (0.3ms)[0m  [1m[34mSELECT "users".* FROM "users"[0m
  Rendered users/index.html.erb within layouts/application (2.2ms)
Completed 200 OK in 58ms (Views: 53.0ms | ActiveRecord: 0.3ms)


Started GET "/users" for 127.0.0.1 at 2018-08-22 19:30:35 -0400
  [1m[36mActiveRecord::SchemaMigration Load (0.2ms)[0m  [1m[34mSELECT "schema_migrations".* FROM "schema_migrations"[0m
Processing by UsersController#index as HTML
  Rendering users/index.html.erb within layouts/application
  [1m[36mUser Load (0.2ms)[0m  [1m[34mSELECT "users".* FROM "users"[0m
  Rendered users/index.html.erb within layouts/application (14.8ms)
Completed 200 OK in 389ms (Views: 351.5ms | ActiveRecord: 0.8ms)


  [1m[36mActiveRecord::SchemaMigration Load (0.5ms)[0m  [1m[34mSELECT "schema_migrations".* FROM "schema_migrations"[0m
Migrating to AddDeviseToUsers (20180822234319)
  [1m[35m (0.1ms)[0m  [1m[36mbegin transaction[0m
  [1m[35m (0.9ms)[0m  [1m[35mALTER TABLE "users" ADD "email" varchar DEFAULT '' NOT NULL[0m
  [1m[35m (0.1ms)[0m  [1m[35mALTER TABLE "users" ADD "encrypted_password" varchar DEFAULT '' NOT NULL[0m
  [1m[35m (0.1ms)[0m  [1m[35mALTER TABLE "users" ADD "reset_password_token" varchar[0m
  [1m[35m (0.1ms)[0m  [1m[35mALTER TABLE "users" ADD "reset_password_sent_at" datetime[0m
  [1m[35m (0.1ms)[0m  [1m[35mALTER TABLE "users" ADD "remember_created_at" datetime[0m
  [1m[35m (0.1ms)[0m  [1m[35mALTER TABLE "users" ADD "sign_in_count" integer DEFAULT 0 NOT NULL[0m
  [1m[35m (0.1ms)[0m  [1m[35mALTER TABLE "users" ADD "current_sign_in_at" datetime[0m
  [1m[35m (0.1ms)[0m  [1m[35mALTER TABLE "users" ADD "last_sign_in_at" datetime[0m
  [1m[35m (0.1ms)[0m  [1m[35mALTER TABLE "users" ADD "current_sign_in_ip" varchar[0m
  [1m[35m (0.1ms)[0m  [1m[35mALTER TABLE "users" ADD "last_sign_in_ip" varchar[0m
  [1m[35m (0.1ms)[0m  [1m[34mselect sqlite_version(*)[0m
  [1m[35m (0.4ms)[0m  [1m[35mCREATE UNIQUE INDEX "index_users_on_email" ON "users" ("email")[0m
  [1m[35m (0.4ms)[0m  [1m[31mrollback transaction[0m
  [1m[36mActiveRecord::SchemaMigration Load (0.3ms)[0m  [1m[34mSELECT "schema_migrations".* FROM "schema_migrations"[0m
Migrating to AddDeviseToUsers (20180822234319)
  [1m[35m (0.1ms)[0m  [1m[36mbegin transaction[0m
  [1m[35m (0.6ms)[0m  [1m[35mALTER TABLE "users" ADD "email" varchar DEFAULT '' NOT NULL[0m
  [1m[35m (0.2ms)[0m  [1m[35mALTER TABLE "users" ADD "encrypted_password" varchar DEFAULT '' NOT NULL[0m
  [1m[35m (0.1ms)[0m  [1m[35mALTER TABLE "users" ADD "reset_password_token" varchar[0m
  [1m[35m (0.1ms)[0m  [1m[35mALTER TABLE "users" ADD "reset_password_sent_at" datetime[0m
  [1m[35m (0.1ms)[0m  [1m[35mALTER TABLE "users" ADD "remember_created_at" datetime[0m
  [1m[35m (0.1ms)[0m  [1m[35mALTER TABLE "users" ADD "sign_in_count" integer DEFAULT 0 NOT NULL[0m
  [1m[35m (0.1ms)[0m  [1m[35mALTER TABLE "users" ADD "current_sign_in_at" datetime[0m
  [1m[35m (0.1ms)[0m  [1m[35mALTER TABLE "users" ADD "last_sign_in_at" datetime[0m
  [1m[35m (0.1ms)[0m  [1m[35mALTER TABLE "users" ADD "current_sign_in_ip" varchar[0m
  [1m[35m (0.1ms)[0m  [1m[35mALTER TABLE "users" ADD "last_sign_in_ip" varchar[0m
  [1m[35m (0.1ms)[0m  [1m[34mselect sqlite_version(*)[0m
  [1m[35m (0.4ms)[0m  [1m[35mCREATE UNIQUE INDEX "index_users_on_email" ON "users" ("email")[0m
  [1m[35m (0.4ms)[0m  [1m[31mrollback transaction[0m
  [1m[36mActiveRecord::SchemaMigration Load (0.2ms)[0m  [1m[34mSELECT "schema_migrations".* FROM "schema_migrations"[0m
Migrating to AddDeviseToUsers (20180822234319)
  [1m[35m (0.1ms)[0m  [1m[36mbegin transaction[0m
  [1m[35m (0.7ms)[0m  [1m[35mALTER TABLE "users" ADD "email" varchar DEFAULT '' NOT NULL[0m
  [1m[35m (0.2ms)[0m  [1m[35mALTER TABLE "users" ADD "encrypted_password" varchar DEFAULT '' NOT NULL[0m
  [1m[35m (0.2ms)[0m  [1m[35mALTER TABLE "users" ADD "reset_password_token" varchar[0m
  [1m[35m (0.1ms)[0m  [1m[35mALTER TABLE "users" ADD "reset_password_sent_at" datetime[0m
  [1m[35m (0.1ms)[0m  [1m[35mALTER TABLE "users" ADD "remember_created_at" datetime[0m
  [1m[35m (0.1ms)[0m  [1m[35mALTER TABLE "users" ADD "sign_in_count" integer DEFAULT 0 NOT NULL[0m
  [1m[35m (0.1ms)[0m  [1m[35mALTER TABLE "users" ADD "current_sign_in_at" datetime[0m
  [1m[35m (0.2ms)[0m  [1m[35mALTER TABLE "users" ADD "last_sign_in_at" datetime[0m
  [1m[35m (0.1ms)[0m  [1m[35mALTER TABLE "users" ADD "current_sign_in_ip" varchar[0m
  [1m[35m (0.1ms)[0m  [1m[35mALTER TABLE "users" ADD "last_sign_in_ip" varchar[0m
  [1m[35m (0.1ms)[0m  [1m[34mselect sqlite_version(*)[0m
  [1m[35m (0.4ms)[0m  [1m[35mCREATE UNIQUE INDEX "index_users_on_email" ON "users" ("email")[0m
  [1m[35m (0.4ms)[0m  [1m[31mrollback transaction[0m
  [1m[36mActiveRecord::SchemaMigration Load (0.2ms)[0m  [1m[34mSELECT "schema_migrations".* FROM "schema_migrations"[0m
Migrating to AddDeviseToUsers (20180822234319)
  [1m[35m (0.1ms)[0m  [1m[36mbegin transaction[0m
  [1m[35m (0.5ms)[0m  [1m[35mALTER TABLE "users" ADD "email" varchar DEFAULT '' NOT NULL[0m
  [1m[35m (0.1ms)[0m  [1m[35mALTER TABLE "users" ADD "encrypted_password" varchar DEFAULT '' NOT NULL[0m
  [1m[35m (0.1ms)[0m  [1m[35mALTER TABLE "users" ADD "reset_password_token" varchar[0m
  [1m[35m (0.1ms)[0m  [1m[35mALTER TABLE "users" ADD "reset_password_sent_at" datetime[0m
  [1m[35m (0.1ms)[0m  [1m[35mALTER TABLE "users" ADD "remember_created_at" datetime[0m
  [1m[35m (0.1ms)[0m  [1m[35mALTER TABLE "users" ADD "sign_in_count" integer DEFAULT 0 NOT NULL[0m
  [1m[35m (0.1ms)[0m  [1m[35mALTER TABLE "users" ADD "current_sign_in_at" datetime[0m
  [1m[35m (0.1ms)[0m  [1m[35mALTER TABLE "users" ADD "last_sign_in_at" datetime[0m
  [1m[35m (0.1ms)[0m  [1m[35mALTER TABLE "users" ADD "current_sign_in_ip" varchar[0m
  [1m[35m (0.1ms)[0m  [1m[35mALTER TABLE "users" ADD "last_sign_in_ip" varchar[0m
  [1m[35m (0.1ms)[0m  [1m[34mselect sqlite_version(*)[0m
  [1m[35m (0.6ms)[0m  [1m[35mCREATE UNIQUE INDEX "index_users_on_email" ON "users" ("email")[0m
  [1m[35m (0.5ms)[0m  [1m[31mrollback transaction[0m
  [1m[36mActiveRecord::SchemaMigration Load (0.2ms)[0m  [1m[34mSELECT "schema_migrations".* FROM "schema_migrations"[0m
Migrating to AddDeviseToUsers (20180822234319)
  [1m[35m (0.1ms)[0m  [1m[36mbegin transaction[0m
  [1m[35m (0.4ms)[0m  [1m[35mALTER TABLE "users" ADD "email" varchar DEFAULT '' NOT NULL[0m
  [1m[35m (0.1ms)[0m  [1m[35mALTER TABLE "users" ADD "encrypted_password" varchar DEFAULT '' NOT NULL[0m
  [1m[35m (0.1ms)[0m  [1m[35mALTER TABLE "users" ADD "reset_password_token" varchar[0m
  [1m[35m (0.1ms)[0m  [1m[35mALTER TABLE "users" ADD "reset_password_sent_at" datetime[0m
  [1m[35m (0.1ms)[0m  [1m[35mALTER TABLE "users" ADD "remember_created_at" datetime[0m
  [1m[35m (0.1ms)[0m  [1m[35mALTER TABLE "users" ADD "sign_in_count" integer DEFAULT 0 NOT NULL[0m
  [1m[35m (0.1ms)[0m  [1m[35mALTER TABLE "users" ADD "current_sign_in_at" datetime[0m
  [1m[35m (0.1ms)[0m  [1m[35mALTER TABLE "users" ADD "last_sign_in_at" datetime[0m
  [1m[35m (0.1ms)[0m  [1m[35mALTER TABLE "users" ADD "current_sign_in_ip" varchar[0m
  [1m[35m (0.1ms)[0m  [1m[35mALTER TABLE "users" ADD "last_sign_in_ip" varchar[0m
  [1m[35m (0.1ms)[0m  [1m[34mselect sqlite_version(*)[0m
  [1m[35m (0.5ms)[0m  [1m[35mCREATE UNIQUE INDEX "index_users_on_email" ON "users" ("email")[0m
  [1m[35m (0.4ms)[0m  [1m[31mrollback transaction[0m
  [1m[36mActiveRecord::SchemaMigration Load (0.5ms)[0m  [1m[34mSELECT "schema_migrations".* FROM "schema_migrations"[0m
Migrating to AddDeviseToUsers (20180822234319)
  [1m[35m (0.1ms)[0m  [1m[36mbegin transaction[0m
  [1m[35m (0.5ms)[0m  [1m[35mALTER TABLE "users" ADD "email" varchar DEFAULT '' NOT NULL[0m
  [1m[35m (0.1ms)[0m  [1m[35mALTER TABLE "users" ADD "encrypted_password" varchar DEFAULT '' NOT NULL[0m
  [1m[35m (0.1ms)[0m  [1m[35mALTER TABLE "users" ADD "reset_password_token" varchar[0m
  [1m[35m (0.1ms)[0m  [1m[35mALTER TABLE "users" ADD "reset_password_sent_at" datetime[0m
  [1m[35m (0.1ms)[0m  [1m[35mALTER TABLE "users" ADD "remember_created_at" datetime[0m
  [1m[35m (0.1ms)[0m  [1m[35mALTER TABLE "users" ADD "sign_in_count" integer DEFAULT 0 NOT NULL[0m
  [1m[35m (0.1ms)[0m  [1m[35mALTER TABLE "users" ADD "current_sign_in_at" datetime[0m
  [1m[35m (0.1ms)[0m  [1m[35mALTER TABLE "users" ADD "last_sign_in_at" datetime[0m
  [1m[35m (0.1ms)[0m  [1m[35mALTER TABLE "users" ADD "current_sign_in_ip" varchar[0m
  [1m[35m (0.1ms)[0m  [1m[35mALTER TABLE "users" ADD "last_sign_in_ip" varchar[0m
  [1m[35m (0.1ms)[0m  [1m[34mselect sqlite_version(*)[0m
  [1m[35m (0.7ms)[0m  [1m[35mCREATE UNIQUE INDEX "index_users_on_email" ON "users" ("email")[0m
  [1m[35m (0.4ms)[0m  [1m[31mrollback transaction[0m
Started DELETE "/users/1" for 127.0.0.1 at 2018-08-22 19:47:44 -0400
  [1m[36mActiveRecord::SchemaMigration Load (0.4ms)[0m  [1m[34mSELECT "schema_migrations".* FROM "schema_migrations"[0m
  
ActiveRecord::PendingMigrationError (

Migrations are pending. To resolve this issue, run:

        bin/rails db:migrate RAILS_ENV=development

):
  
activerecord (5.0.7) lib/active_record/migration.rb:573:in `check_pending!'
activerecord (5.0.7) lib/active_record/migration.rb:549:in `call'
actionpack (5.0.7) lib/action_dispatch/middleware/callbacks.rb:38:in `block in call'
activesupport (5.0.7) lib/active_support/callbacks.rb:97:in `__run_callbacks__'
activesupport (5.0.7) lib/active_support/callbacks.rb:750:in `_run_call_callbacks'
activesupport (5.0.7) lib/active_support/callbacks.rb:90:in `run_callbacks'
actionpack (5.0.7) lib/action_dispatch/middleware/callbacks.rb:36:in `call'
actionpack (5.0.7) lib/action_dispatch/middleware/executor.rb:12:in `call'
actionpack (5.0.7) lib/action_dispatch/middleware/remote_ip.rb:79:in `call'
actionpack (5.0.7) lib/action_dispatch/middleware/debug_exceptions.rb:49:in `call'
web-console (3.6.2) lib/web_console/middleware.rb:135:in `call_app'
web-console (3.6.2) lib/web_console/middleware.rb:30:in `block in call'
web-console (3.6.2) lib/web_console/middleware.rb:20:in `catch'
web-console (3.6.2) lib/web_console/middleware.rb:20:in `call'
actionpack (5.0.7) lib/action_dispatch/middleware/show_exceptions.rb:31:in `call'
railties (5.0.7) lib/rails/rack/logger.rb:36:in `call_app'
railties (5.0.7) lib/rails/rack/logger.rb:24:in `block in call'
activesupport (5.0.7) lib/active_support/tagged_logging.rb:69:in `block in tagged'
activesupport (5.0.7) lib/active_support/tagged_logging.rb:26:in `tagged'
activesupport (5.0.7) lib/active_support/tagged_logging.rb:69:in `tagged'
railties (5.0.7) lib/rails/rack/logger.rb:24:in `call'
sprockets-rails (3.2.1) lib/sprockets/rails/quiet_assets.rb:13:in `call'
actionpack (5.0.7) lib/action_dispatch/middleware/request_id.rb:24:in `call'
rack (2.0.5) lib/rack/method_override.rb:22:in `call'
rack (2.0.5) lib/rack/runtime.rb:22:in `call'
activesupport (5.0.7) lib/active_support/cache/strategy/local_cache_middleware.rb:28:in `call'
actionpack (5.0.7) lib/action_dispatch/middleware/executor.rb:12:in `call'
actionpack (5.0.7) lib/action_dispatch/middleware/static.rb:136:in `call'
rack (2.0.5) lib/rack/sendfile.rb:111:in `call'
railties (5.0.7) lib/rails/engine.rb:522:in `call'
puma (3.12.0) lib/puma/configuration.rb:225:in `call'
puma (3.12.0) lib/puma/server.rb:658:in `handle_request'
puma (3.12.0) lib/puma/server.rb:472:in `process_client'
puma (3.12.0) lib/puma/server.rb:332:in `block in run'
puma (3.12.0) lib/puma/thread_pool.rb:133:in `block in spawn_thread'
  Rendering /Users/Stephanie/.rvm/gems/ruby-2.4.0/gems/actionpack-5.0.7/lib/action_dispatch/middleware/templates/rescues/diagnostics.html.erb within rescues/layout
  Rendering /Users/Stephanie/.rvm/gems/ruby-2.4.0/gems/actionpack-5.0.7/lib/action_dispatch/middleware/templates/rescues/_source.html.erb
  Rendered /Users/Stephanie/.rvm/gems/ruby-2.4.0/gems/actionpack-5.0.7/lib/action_dispatch/middleware/templates/rescues/_source.html.erb (5.8ms)
  Rendering /Users/Stephanie/.rvm/gems/ruby-2.4.0/gems/actionpack-5.0.7/lib/action_dispatch/middleware/templates/rescues/_trace.html.erb
  Rendered /Users/Stephanie/.rvm/gems/ruby-2.4.0/gems/actionpack-5.0.7/lib/action_dispatch/middleware/templates/rescues/_trace.html.erb (2.4ms)
  Rendering /Users/Stephanie/.rvm/gems/ruby-2.4.0/gems/actionpack-5.0.7/lib/action_dispatch/middleware/templates/rescues/_request_and_response.html.erb
  Rendered /Users/Stephanie/.rvm/gems/ruby-2.4.0/gems/actionpack-5.0.7/lib/action_dispatch/middleware/templates/rescues/_request_and_response.html.erb (1.9ms)
  Rendered /Users/Stephanie/.rvm/gems/ruby-2.4.0/gems/actionpack-5.0.7/lib/action_dispatch/middleware/templates/rescues/diagnostics.html.erb within rescues/layout (132.7ms)
  [1m[36mActiveRecord::SchemaMigration Load (0.4ms)[0m  [1m[34mSELECT "schema_migrations".* FROM "schema_migrations"[0m
  [1m[36mActiveRecord::SchemaMigration Load (0.1ms)[0m  [1m[34mSELECT "schema_migrations".* FROM "schema_migrations"[0m
Migrating to CreateUsers (20180822231620)
  [1m[35m (0.1ms)[0m  [1m[36mbegin transaction[0m
  [1m[35m (1.0ms)[0m  [1m[35mDROP TABLE "users"[0m
  [1m[35mSQL (0.2ms)[0m  [1m[31mDELETE FROM "schema_migrations" WHERE "schema_migrations"."version" = ?[0m  [["version", "20180822231620"]]
  [1m[35m (0.8ms)[0m  [1m[36mcommit transaction[0m
  [1m[36mActiveRecord::SchemaMigration Load (0.1ms)[0m  [1m[34mSELECT "schema_migrations".* FROM "schema_migrations"[0m
  [1m[36mActiveRecord::SchemaMigration Load (0.1ms)[0m  [1m[34mSELECT "schema_migrations".* FROM "schema_migrations"[0m
Migrating to CreateUsers (20180822231620)
  [1m[35m (0.1ms)[0m  [1m[36mbegin transaction[0m
  [1m[35m (0.7ms)[0m  [1m[35mCREATE TABLE "users" ("id" INTEGER PRIMARY KEY AUTOINCREMENT NOT NULL, "name" varchar, "created_at" datetime NOT NULL, "updated_at" datetime NOT NULL)[0m
  [1m[35mSQL (0.2ms)[0m  [1m[32mINSERT INTO "schema_migrations" ("version") VALUES (?)[0m  [["version", "20180822231620"]]
  [1m[35m (0.8ms)[0m  [1m[36mcommit transaction[0m
Migrating to AddDeviseToUsers (20180822234319)
  [1m[35m (0.0ms)[0m  [1m[36mbegin transaction[0m
  [1m[35m (0.4ms)[0m  [1m[35mALTER TABLE "users" ADD "email" varchar DEFAULT '' NOT NULL[0m
  [1m[35m (0.1ms)[0m  [1m[35mALTER TABLE "users" ADD "encrypted_password" varchar DEFAULT '' NOT NULL[0m
  [1m[35m (0.1ms)[0m  [1m[35mALTER TABLE "users" ADD "reset_password_token" varchar[0m
  [1m[35m (0.1ms)[0m  [1m[35mALTER TABLE "users" ADD "reset_password_sent_at" datetime[0m
  [1m[35m (0.1ms)[0m  [1m[35mALTER TABLE "users" ADD "remember_created_at" datetime[0m
  [1m[35m (0.1ms)[0m  [1m[35mALTER TABLE "users" ADD "sign_in_count" integer DEFAULT 0 NOT NULL[0m
  [1m[35m (0.1ms)[0m  [1m[35mALTER TABLE "users" ADD "current_sign_in_at" datetime[0m
  [1m[35m (0.1ms)[0m  [1m[35mALTER TABLE "users" ADD "last_sign_in_at" datetime[0m
  [1m[35m (0.1ms)[0m  [1m[35mALTER TABLE "users" ADD "current_sign_in_ip" varchar[0m
  [1m[35m (0.1ms)[0m  [1m[35mALTER TABLE "users" ADD "last_sign_in_ip" varchar[0m
  [1m[35m (0.1ms)[0m  [1m[34mselect sqlite_version(*)[0m
  [1m[35m (0.1ms)[0m  [1m[35mCREATE UNIQUE INDEX "index_users_on_email" ON "users" ("email")[0m
  [1m[35m (0.1ms)[0m  [1m[34m            SELECT sql
            FROM sqlite_master
            WHERE name='index_users_on_email' AND type='index'
            UNION ALL
            SELECT sql
            FROM sqlite_temp_master
            WHERE name='index_users_on_email' AND type='index'
[0m
  [1m[35m (0.1ms)[0m  [1m[35mCREATE UNIQUE INDEX "index_users_on_reset_password_token" ON "users" ("reset_password_token")[0m
  [1m[35mSQL (0.2ms)[0m  [1m[32mINSERT INTO "schema_migrations" ("version") VALUES (?)[0m  [["version", "20180822234319"]]
  [1m[35m (1.1ms)[0m  [1m[36mcommit transaction[0m
  [1m[36mActiveRecord::InternalMetadata Load (0.5ms)[0m  [1m[34mSELECT  "ar_internal_metadata".* FROM "ar_internal_metadata" WHERE "ar_internal_metadata"."key" = ? LIMIT ?[0m  [["key", "environment"], ["LIMIT", 1]]
  [1m[35m (0.1ms)[0m  [1m[36mbegin transaction[0m
  [1m[35m (0.0ms)[0m  [1m[36mcommit transaction[0m
  [1m[36mActiveRecord::SchemaMigration Load (0.1ms)[0m  [1m[34mSELECT "schema_migrations".* FROM "schema_migrations"[0m
  [1m[35m (0.2ms)[0m  [1m[34m            SELECT sql
            FROM sqlite_master
            WHERE name='index_users_on_reset_password_token' AND type='index'
            UNION ALL
            SELECT sql
            FROM sqlite_temp_master
            WHERE name='index_users_on_reset_password_token' AND type='index'
[0m
  [1m[35m (0.1ms)[0m  [1m[34m            SELECT sql
            FROM sqlite_master
            WHERE name='index_users_on_email' AND type='index'
            UNION ALL
            SELECT sql
            FROM sqlite_temp_master
            WHERE name='index_users_on_email' AND type='index'
[0m
Started GET "/users/signin" for 127.0.0.1 at 2018-08-22 19:49:12 -0400
  [1m[36mActiveRecord::SchemaMigration Load (0.2ms)[0m  [1m[34mSELECT "schema_migrations".* FROM "schema_migrations"[0m
Processing by UsersController#show as HTML
  Parameters: {"id"=>"signin"}
  [1m[36mUser Load (0.2ms)[0m  [1m[34mSELECT  "users".* FROM "users" WHERE "users"."id" = ? LIMIT ?[0m  [["id", 0], ["LIMIT", 1]]
Completed 404 Not Found in 17ms (ActiveRecord: 0.9ms)


  
ActiveRecord::RecordNotFound (Couldn't find User with 'id'=signin):
  
app/controllers/users_controller.rb:67:in `set_user'
  Rendering /Users/Stephanie/.rvm/gems/ruby-2.4.0/gems/actionpack-5.0.7/lib/action_dispatch/middleware/templates/rescues/diagnostics.html.erb within rescues/layout
  Rendering /Users/Stephanie/.rvm/gems/ruby-2.4.0/gems/actionpack-5.0.7/lib/action_dispatch/middleware/templates/rescues/_source.html.erb
  Rendered /Users/Stephanie/.rvm/gems/ruby-2.4.0/gems/actionpack-5.0.7/lib/action_dispatch/middleware/templates/rescues/_source.html.erb (3.5ms)
  Rendering /Users/Stephanie/.rvm/gems/ruby-2.4.0/gems/actionpack-5.0.7/lib/action_dispatch/middleware/templates/rescues/_trace.html.erb
  Rendered /Users/Stephanie/.rvm/gems/ruby-2.4.0/gems/actionpack-5.0.7/lib/action_dispatch/middleware/templates/rescues/_trace.html.erb (1.4ms)
  Rendering /Users/Stephanie/.rvm/gems/ruby-2.4.0/gems/actionpack-5.0.7/lib/action_dispatch/middleware/templates/rescues/_request_and_response.html.erb
  Rendered /Users/Stephanie/.rvm/gems/ruby-2.4.0/gems/actionpack-5.0.7/lib/action_dispatch/middleware/templates/rescues/_request_and_response.html.erb (0.9ms)
  Rendered /Users/Stephanie/.rvm/gems/ruby-2.4.0/gems/actionpack-5.0.7/lib/action_dispatch/middleware/templates/rescues/diagnostics.html.erb within rescues/layout (111.0ms)
Started GET "/users/sign_in" for 127.0.0.1 at 2018-08-22 19:49:20 -0400
Processing by Devise::SessionsController#new as HTML
  Rendering devise/sessions/new.html.erb within layouts/application
  Rendered devise/shared/_links.html.erb (1.1ms)
  Rendered devise/sessions/new.html.erb within layouts/application (30.4ms)
Completed 200 OK in 305ms (Views: 283.1ms | ActiveRecord: 0.0ms)


Started GET "/users/sign_up" for 127.0.0.1 at 2018-08-22 19:49:28 -0400
Processing by Devise::RegistrationsController#new as HTML
  Rendering devise/registrations/new.html.erb within layouts/application
  Rendered devise/shared/_links.html.erb (0.9ms)
  Rendered devise/registrations/new.html.erb within layouts/application (5.1ms)
Completed 200 OK in 41ms (Views: 39.5ms | ActiveRecord: 0.0ms)


Started POST "/users" for 127.0.0.1 at 2018-08-22 19:49:46 -0400
Processing by Devise::RegistrationsController#create as HTML
  Parameters: {"utf8"=>"✓", "authenticity_token"=>"nGBmD90ReN37Po67GrZkr+hTmksvB0emGJi0Klg79/0ngsa5xcx6VVtF+UcWlQqkwFHyVyE1NBCmW97lN2DXHw==", "user"=>{"email"=>"dyx769@mocs.utc.edu", "password"=>"[FILTERED]", "password_confirmation"=>"[FILTERED]"}, "commit"=>"Sign up"}
  [1m[35m (0.1ms)[0m  [1m[36mbegin transaction[0m
  [1m[36mUser Exists (0.4ms)[0m  [1m[34mSELECT  1 AS one FROM "users" WHERE "users"."email" = ? LIMIT ?[0m  [["email", "dyx769@mocs.utc.edu"], ["LIMIT", 1]]
  [1m[35m (0.1ms)[0m  [1m[31mrollback transaction[0m
  Rendering devise/registrations/new.html.erb within layouts/application
  Rendered devise/shared/_links.html.erb (1.4ms)
  Rendered devise/registrations/new.html.erb within layouts/application (6.8ms)
Completed 200 OK in 206ms (Views: 36.2ms | ActiveRecord: 0.5ms)


Started POST "/users" for 127.0.0.1 at 2018-08-22 19:49:55 -0400
Processing by Devise::RegistrationsController#create as HTML
  Parameters: {"utf8"=>"✓", "authenticity_token"=>"m9sVSBcRqRdAMM714/DjDsMLu71dI4ijksrzZ1L97+L7mxccKAF1fF8u2Vvtye/fhKCRutICELWBd4oNqTPp7g==", "user"=>{"email"=>"dyx769@mocs.utc.edu", "password"=>"[FILTERED]", "password_confirmation"=>"[FILTERED]"}, "commit"=>"Sign up"}
  [1m[35m (0.1ms)[0m  [1m[36mbegin transaction[0m
  [1m[36mUser Exists (0.2ms)[0m  [1m[34mSELECT  1 AS one FROM "users" WHERE "users"."email" = ? LIMIT ?[0m  [["email", "dyx769@mocs.utc.edu"], ["LIMIT", 1]]
  [1m[35mSQL (1.3ms)[0m  [1m[32mINSERT INTO "users" ("created_at", "updated_at", "email", "encrypted_password") VALUES (?, ?, ?, ?)[0m  [["created_at", "2018-08-22 23:49:55.911548"], ["updated_at", "2018-08-22 23:49:55.911548"], ["email", "dyx769@mocs.utc.edu"], ["encrypted_password", "$2a$11$6hrUdv8rPAfodxxOz8dT4uhtJ7JjGF8TOi/0OPcZCKVR2fbszMg8S"]]
  [1m[35m (1.3ms)[0m  [1m[36mcommit transaction[0m
  [1m[35m (0.1ms)[0m  [1m[36mbegin transaction[0m
  [1m[35mSQL (0.5ms)[0m  [1m[33mUPDATE "users" SET "updated_at" = ?, "sign_in_count" = ?, "current_sign_in_at" = ?, "last_sign_in_at" = ?, "current_sign_in_ip" = ?, "last_sign_in_ip" = ? WHERE "users"."id" = ?[0m  [["updated_at", "2018-08-22 23:49:55.917007"], ["sign_in_count", 1], ["current_sign_in_at", "2018-08-22 23:49:55.916348"], ["last_sign_in_at", "2018-08-22 23:49:55.916348"], ["current_sign_in_ip", "127.0.0.1"], ["last_sign_in_ip", "127.0.0.1"], ["id", 1]]
  [1m[35m (0.9ms)[0m  [1m[36mcommit transaction[0m
Redirected to http://localhost:3000/
Completed 302 Found in 160ms (ActiveRecord: 4.4ms)


Started GET "/" for 127.0.0.1 at 2018-08-22 19:49:55 -0400
Processing by PagesController#root as HTML
  Rendering pages/root.html.erb within layouts/application
  Rendered pages/root.html.erb within layouts/application (0.3ms)
Completed 200 OK in 37ms (Views: 33.3ms | ActiveRecord: 0.0ms)


Started GET "/users/sign_in" for 127.0.0.1 at 2018-08-22 20:00:07 -0400
Processing by Devise::SessionsController#new as HTML
  [1m[36mUser Load (2.4ms)[0m  [1m[34mSELECT  "users".* FROM "users" WHERE "users"."id" = ? ORDER BY "users"."id" ASC LIMIT ?[0m  [["id", 1], ["LIMIT", 1]]
Redirected to http://localhost:3000/
Filter chain halted as :require_no_authentication rendered or redirected
Completed 302 Found in 25ms (ActiveRecord: 2.4ms)


Started GET "/" for 127.0.0.1 at 2018-08-22 20:00:07 -0400
Processing by PagesController#root as HTML
  Rendering pages/root.html.erb within layouts/application
  Rendered pages/root.html.erb within layouts/application (2.0ms)
Completed 200 OK in 57ms (Views: 52.7ms | ActiveRecord: 0.0ms)


Started GET "/users" for 127.0.0.1 at 2018-08-22 20:00:14 -0400
Processing by UsersController#index as HTML
  Rendering users/index.html.erb within layouts/application
  [1m[36mUser Load (0.4ms)[0m  [1m[34mSELECT "users".* FROM "users"[0m
  Rendered users/index.html.erb within layouts/application (6.0ms)
Completed 200 OK in 117ms (Views: 111.7ms | ActiveRecord: 0.4ms)


Started GET "/users/sign_up" for 127.0.0.1 at 2018-08-22 20:00:21 -0400
Processing by Devise::RegistrationsController#new as HTML
  [1m[36mUser Load (0.2ms)[0m  [1m[34mSELECT  "users".* FROM "users" WHERE "users"."id" = ? ORDER BY "users"."id" ASC LIMIT ?[0m  [["id", 1], ["LIMIT", 1]]
Redirected to http://localhost:3000/
Filter chain halted as :require_no_authentication rendered or redirected
Completed 302 Found in 3ms (ActiveRecord: 0.2ms)


Started GET "/" for 127.0.0.1 at 2018-08-22 20:00:21 -0400
Processing by PagesController#root as HTML
  Rendering pages/root.html.erb within layouts/application
  Rendered pages/root.html.erb within layouts/application (0.3ms)
Completed 200 OK in 32ms (Views: 27.9ms | ActiveRecord: 0.0ms)


Started GET "/users/sign_in" for 127.0.0.1 at 2018-08-22 20:00:34 -0400
Processing by Devise::SessionsController#new as HTML
  [1m[36mUser Load (0.3ms)[0m  [1m[34mSELECT  "users".* FROM "users" WHERE "users"."id" = ? ORDER BY "users"."id" ASC LIMIT ?[0m  [["id", 1], ["LIMIT", 1]]
Redirected to http://localhost:3000/
Filter chain halted as :require_no_authentication rendered or redirected
Completed 302 Found in 3ms (ActiveRecord: 0.3ms)


Started GET "/" for 127.0.0.1 at 2018-08-22 20:00:34 -0400
Processing by PagesController#root as HTML
  Rendering pages/root.html.erb within layouts/application
  Rendered pages/root.html.erb within layouts/application (0.3ms)
Completed 200 OK in 38ms (Views: 33.3ms | ActiveRecord: 0.0ms)


Started GET "/" for 127.0.0.1 at 2018-08-22 20:04:24 -0400
  [1m[36mActiveRecord::SchemaMigration Load (0.1ms)[0m  [1m[34mSELECT "schema_migrations".* FROM "schema_migrations"[0m
Processing by PagesController#root as HTML
  Rendering pages/root.html.erb within layouts/application
  [1m[36mUser Load (0.2ms)[0m  [1m[34mSELECT  "users".* FROM "users" WHERE "users"."id" = ? ORDER BY "users"."id" ASC LIMIT ?[0m  [["id", 1], ["LIMIT", 1]]
  Rendered pages/root.html.erb within layouts/application (26.5ms)
Completed 200 OK in 281ms (Views: 266.2ms | ActiveRecord: 0.8ms)


Started DELETE "/users/sign_out" for 127.0.0.1 at 2018-08-22 20:04:27 -0400
Processing by Devise::SessionsController#destroy as HTML
  Parameters: {"authenticity_token"=>"hbRM3tBc21ucFiPUo12xkEu8Q9WqPJJH0aYAcahG7d3l9E6K70wHMIMINHqtZL1BDBdp0iUdClHCG3kbU4jr0Q=="}
  [1m[36mUser Load (0.5ms)[0m  [1m[34mSELECT  "users".* FROM "users" WHERE "users"."id" = ? ORDER BY "users"."id" ASC LIMIT ?[0m  [["id", 1], ["LIMIT", 1]]
  [1m[35m (0.1ms)[0m  [1m[36mbegin transaction[0m
  [1m[35m (0.1ms)[0m  [1m[36mcommit transaction[0m
Redirected to http://localhost:3000/
Completed 302 Found in 18ms (ActiveRecord: 0.7ms)


Started GET "/" for 127.0.0.1 at 2018-08-22 20:04:27 -0400
Processing by PagesController#root as HTML
  Rendering pages/root.html.erb within layouts/application
  Rendered pages/root.html.erb within layouts/application (4.9ms)
Completed 200 OK in 40ms (Views: 35.8ms | ActiveRecord: 0.0ms)


Started GET "/users/sign_in" for 127.0.0.1 at 2018-08-22 20:04:33 -0400
Processing by Devise::SessionsController#new as HTML
  Rendering devise/sessions/new.html.erb within layouts/application
  Rendered devise/shared/_links.html.erb (1.9ms)
  Rendered devise/sessions/new.html.erb within layouts/application (36.1ms)
Completed 200 OK in 103ms (Views: 99.8ms | ActiveRecord: 0.0ms)


Started POST "/users/sign_in" for 127.0.0.1 at 2018-08-22 20:04:43 -0400
Processing by Devise::SessionsController#create as HTML
  Parameters: {"utf8"=>"✓", "authenticity_token"=>"9EHRfWmRPi18oshtkw7KnZWBELWZa8Vm2xW9RySGuValM2vlS/ThqDnF9Uf4wxe7AXU3cwbkWJRC7ycK+NN0fA==", "user"=>{"email"=>"dyx769@mocs.utc.edu", "password"=>"[FILTERED]", "remember_me"=>"0"}, "commit"=>"Log in"}
  [1m[36mUser Load (0.4ms)[0m  [1m[34mSELECT  "users".* FROM "users" WHERE "users"."email" = ? ORDER BY "users"."id" ASC LIMIT ?[0m  [["email", "dyx769@mocs.utc.edu"], ["LIMIT", 1]]
  [1m[35m (0.1ms)[0m  [1m[36mbegin transaction[0m
  [1m[35mSQL (0.4ms)[0m  [1m[33mUPDATE "users" SET "current_sign_in_at" = ?, "sign_in_count" = ?, "updated_at" = ? WHERE "users"."id" = ?[0m  [["current_sign_in_at", "2018-08-23 00:04:43.622463"], ["sign_in_count", 2], ["updated_at", "2018-08-23 00:04:43.623573"], ["id", 1]]
  [1m[35m (0.8ms)[0m  [1m[36mcommit transaction[0m
Redirected to http://localhost:3000/
Completed 302 Found in 188ms (ActiveRecord: 1.7ms)


Started GET "/" for 127.0.0.1 at 2018-08-22 20:04:43 -0400
Processing by PagesController#root as HTML
  Rendering pages/root.html.erb within layouts/application
  [1m[36mUser Load (0.4ms)[0m  [1m[34mSELECT  "users".* FROM "users" WHERE "users"."id" = ? ORDER BY "users"."id" ASC LIMIT ?[0m  [["id", 1], ["LIMIT", 1]]
  Rendered pages/root.html.erb within layouts/application (2.6ms)
Completed 200 OK in 38ms (Views: 34.7ms | ActiveRecord: 0.4ms)


Started DELETE "/users/sign_out" for 127.0.0.1 at 2018-08-22 20:04:52 -0400
Processing by Devise::SessionsController#destroy as HTML
  Parameters: {"authenticity_token"=>"22tupcmTVYBUb4WRnCqEmiR+kHZPO/+JwCkGAhf8JyZSbqQh26a3HrFWr0Wtncpk4I1zpOlvOSfvbWAacZyabg=="}
  [1m[36mUser Load (0.3ms)[0m  [1m[34mSELECT  "users".* FROM "users" WHERE "users"."id" = ? ORDER BY "users"."id" ASC LIMIT ?[0m  [["id", 1], ["LIMIT", 1]]
  [1m[35m (0.2ms)[0m  [1m[36mbegin transaction[0m
  [1m[35m (0.1ms)[0m  [1m[36mcommit transaction[0m
Redirected to http://localhost:3000/
Completed 302 Found in 5ms (ActiveRecord: 0.6ms)


Started GET "/" for 127.0.0.1 at 2018-08-22 20:04:52 -0400
Processing by PagesController#root as HTML
  Rendering pages/root.html.erb within layouts/application
  Rendered pages/root.html.erb within layouts/application (0.8ms)
Completed 200 OK in 57ms (Views: 53.5ms | ActiveRecord: 0.0ms)


Started GET "/" for 127.0.0.1 at 2018-08-22 20:08:48 -0400
  [1m[36mActiveRecord::SchemaMigration Load (0.2ms)[0m  [1m[34mSELECT "schema_migrations".* FROM "schema_migrations"[0m
Processing by PagesController#root as HTML
  Rendering pages/root.html.erb within layouts/application
  Rendered pages/root.html.erb within layouts/application (9.7ms)
Completed 200 OK in 253ms (Views: 240.6ms | ActiveRecord: 0.0ms)


Started GET "/users/sign_in" for 127.0.0.1 at 2018-08-22 20:08:50 -0400
Processing by Devise::SessionsController#new as HTML
  Rendering devise/sessions/new.html.erb within layouts/application
  Rendered devise/shared/_links.html.erb (1.4ms)
  Rendered devise/sessions/new.html.erb within layouts/application (35.2ms)
Completed 200 OK in 93ms (Views: 76.5ms | ActiveRecord: 0.9ms)


Started POST "/users/sign_in" for 127.0.0.1 at 2018-08-22 20:08:59 -0400
Processing by Devise::SessionsController#create as HTML
  Parameters: {"utf8"=>"✓", "authenticity_token"=>"PNuKG6mYzHVXOMxyuSoPBs1KG0pQWX4gvbp94qy0Imu1T2iUx+QmrIuHGJEmeVd36fCDJeCWAjENCiZNwSGTRg==", "user"=>{"email"=>"dyx769@mocs.utc.edu", "password"=>"[FILTERED]", "remember_me"=>"0"}, "commit"=>"Log in"}
  [1m[36mUser Load (0.3ms)[0m  [1m[34mSELECT  "users".* FROM "users" WHERE "users"."email" = ? ORDER BY "users"."id" ASC LIMIT ?[0m  [["email", "dyx769@mocs.utc.edu"], ["LIMIT", 1]]
  [1m[35m (0.1ms)[0m  [1m[36mbegin transaction[0m
  [1m[35mSQL (0.4ms)[0m  [1m[33mUPDATE "users" SET "current_sign_in_at" = ?, "last_sign_in_at" = ?, "sign_in_count" = ?, "updated_at" = ? WHERE "users"."id" = ?[0m  [["current_sign_in_at", "2018-08-23 00:09:00.054103"], ["last_sign_in_at", "2018-08-23 00:04:43.622463"], ["sign_in_count", 3], ["updated_at", "2018-08-23 00:09:00.055633"], ["id", 1]]
  [1m[35m (0.9ms)[0m  [1m[36mcommit transaction[0m
Redirected to http://localhost:3000/
Completed 302 Found in 168ms (ActiveRecord: 1.7ms)


Started GET "/" for 127.0.0.1 at 2018-08-22 20:09:00 -0400
Processing by PagesController#root as HTML
  Rendering pages/root.html.erb within layouts/application
  [1m[36mUser Load (0.3ms)[0m  [1m[34mSELECT  "users".* FROM "users" WHERE "users"."id" = ? ORDER BY "users"."id" ASC LIMIT ?[0m  [["id", 1], ["LIMIT", 1]]
  Rendered pages/root.html.erb within layouts/application (2.4ms)
Completed 200 OK in 41ms (Views: 37.7ms | ActiveRecord: 0.3ms)


Started DELETE "/users/sign_out" for 127.0.0.1 at 2018-08-22 20:09:01 -0400
Processing by Devise::SessionsController#destroy as HTML
  Parameters: {"authenticity_token"=>"oSVVrDgNqzto/funFYM6pcNzslu9qKvnKLbwhVqqWvTL7XEupq3opOpBgc1hnwE1ZsB4Kx3O+bhFzFrrvfkKjw=="}
  [1m[36mUser Load (0.2ms)[0m  [1m[34mSELECT  "users".* FROM "users" WHERE "users"."id" = ? ORDER BY "users"."id" ASC LIMIT ?[0m  [["id", 1], ["LIMIT", 1]]
  [1m[35m (0.1ms)[0m  [1m[36mbegin transaction[0m
  [1m[35m (0.1ms)[0m  [1m[36mcommit transaction[0m
Redirected to http://localhost:3000/
Completed 302 Found in 8ms (ActiveRecord: 0.4ms)


Started GET "/" for 127.0.0.1 at 2018-08-22 20:09:01 -0400
Processing by PagesController#root as HTML
  Rendering pages/root.html.erb within layouts/application
  Rendered pages/root.html.erb within layouts/application (1.1ms)
Completed 200 OK in 47ms (Views: 44.3ms | ActiveRecord: 0.0ms)


Started GET "/users/sign_in" for 127.0.0.1 at 2018-08-22 20:09:05 -0400
Processing by Devise::SessionsController#new as HTML
  Rendering devise/sessions/new.html.erb within layouts/application
  Rendered devise/shared/_links.html.erb (2.0ms)
  Rendered devise/sessions/new.html.erb within layouts/application (9.5ms)
Completed 200 OK in 68ms (Views: 66.0ms | ActiveRecord: 0.0ms)


Started POST "/users/sign_in" for 127.0.0.1 at 2018-08-22 20:09:22 -0400
Processing by Devise::SessionsController#create as HTML
  Parameters: {"utf8"=>"✓", "authenticity_token"=>"QzvyQi0pzrWMdkbdnakg33q3YhJFBvAsGZIgumKJJMFgoozFTaCGu+qFRoWTNPs4GMm4kAskct6srm4DFmTBgQ==", "user"=>{"email"=>"dyx769@mocs.utc.edu", "password"=>"[FILTERED]", "remember_me"=>"0"}, "commit"=>"Log in"}
  [1m[36mUser Load (0.5ms)[0m  [1m[34mSELECT  "users".* FROM "users" WHERE "users"."email" = ? ORDER BY "users"."id" ASC LIMIT ?[0m  [["email", "dyx769@mocs.utc.edu"], ["LIMIT", 1]]
  [1m[35m (0.1ms)[0m  [1m[36mbegin transaction[0m
  [1m[35mSQL (0.4ms)[0m  [1m[33mUPDATE "users" SET "current_sign_in_at" = ?, "last_sign_in_at" = ?, "sign_in_count" = ?, "updated_at" = ? WHERE "users"."id" = ?[0m  [["current_sign_in_at", "2018-08-23 00:09:22.153825"], ["last_sign_in_at", "2018-08-23 00:09:00.054103"], ["sign_in_count", 4], ["updated_at", "2018-08-23 00:09:22.155319"], ["id", 1]]
  [1m[35m (0.9ms)[0m  [1m[36mcommit transaction[0m
Redirected to http://localhost:3000/
Completed 302 Found in 154ms (ActiveRecord: 1.8ms)


Started GET "/" for 127.0.0.1 at 2018-08-22 20:09:22 -0400
Processing by PagesController#root as HTML
  Rendering pages/root.html.erb within layouts/application
  [1m[36mUser Load (0.9ms)[0m  [1m[34mSELECT  "users".* FROM "users" WHERE "users"."id" = ? ORDER BY "users"."id" ASC LIMIT ?[0m  [["id", 1], ["LIMIT", 1]]
  Rendered pages/root.html.erb within layouts/application (3.9ms)
Completed 200 OK in 48ms (Views: 43.9ms | ActiveRecord: 0.9ms)


Started DELETE "/users/sign_out" for 127.0.0.1 at 2018-08-22 20:09:33 -0400
Processing by Devise::SessionsController#destroy as HTML
  Parameters: {"authenticity_token"=>"Oel9hbxF1ETVDXcRJeZYd6e0EAIqLhHR7slL8lnisUUkOrSRcLxkFjYutL5cLnYrcPfCCF1dOdFsG1EiM6K98A=="}
  [1m[36mUser Load (0.2ms)[0m  [1m[34mSELECT  "users".* FROM "users" WHERE "users"."id" = ? ORDER BY "users"."id" ASC LIMIT ?[0m  [["id", 1], ["LIMIT", 1]]
  [1m[35m (0.1ms)[0m  [1m[36mbegin transaction[0m
  [1m[35m (0.1ms)[0m  [1m[36mcommit transaction[0m
Redirected to http://localhost:3000/
Completed 302 Found in 5ms (ActiveRecord: 0.4ms)


Started GET "/" for 127.0.0.1 at 2018-08-22 20:09:33 -0400
Processing by PagesController#root as HTML
  Rendering pages/root.html.erb within layouts/application
  Rendered pages/root.html.erb within layouts/application (1.9ms)
Completed 200 OK in 59ms (Views: 55.2ms | ActiveRecord: 0.0ms)


Started GET "/users/sign_in" for 127.0.0.1 at 2018-08-22 20:09:34 -0400
Processing by Devise::SessionsController#new as HTML
  Rendering devise/sessions/new.html.erb within layouts/application
  Rendered devise/shared/_links.html.erb (1.0ms)
  Rendered devise/sessions/new.html.erb within layouts/application (6.9ms)
Completed 200 OK in 45ms (Views: 43.3ms | ActiveRecord: 0.0ms)


Started GET "/" for 127.0.0.1 at 2018-08-22 20:11:45 -0400
  [1m[36mActiveRecord::SchemaMigration Load (0.2ms)[0m  [1m[34mSELECT "schema_migrations".* FROM "schema_migrations"[0m
Processing by PagesController#root as HTML
Completed 401 Unauthorized in 18ms (ActiveRecord: 0.0ms)


Started GET "/users/sign_in" for 127.0.0.1 at 2018-08-22 20:11:45 -0400
Processing by Devise::SessionsController#new as HTML
  Rendering devise/sessions/new.html.erb within layouts/application
  Rendered devise/shared/_links.html.erb (2.3ms)
  Rendered devise/sessions/new.html.erb within layouts/application (31.4ms)
Completed 200 OK in 297ms (Views: 277.0ms | ActiveRecord: 0.7ms)


Started GET "/" for 127.0.0.1 at 2018-08-22 20:11:52 -0400
Processing by PagesController#root as HTML
Completed 401 Unauthorized in 1ms (ActiveRecord: 0.0ms)


Started GET "/users/sign_in" for 127.0.0.1 at 2018-08-22 20:11:52 -0400
Processing by Devise::SessionsController#new as HTML
  Rendering devise/sessions/new.html.erb within layouts/application
  Rendered devise/shared/_links.html.erb (0.9ms)
  Rendered devise/sessions/new.html.erb within layouts/application (7.5ms)
Completed 200 OK in 47ms (Views: 45.6ms | ActiveRecord: 0.0ms)


Started POST "/users/sign_in" for 127.0.0.1 at 2018-08-22 20:12:09 -0400
Processing by Devise::SessionsController#create as HTML
  Parameters: {"utf8"=>"✓", "authenticity_token"=>"ZsiKqitCWX/J/DGhCK8cx9hQbTmCFmp6X4CvNZVaATqRJ685CTgvH31x6se0X49sEqONvaYS5vWIOf5OdYUt0w==", "user"=>{"email"=>"dyx769@mocs.utc.edu", "password"=>"[FILTERED]", "remember_me"=>"0"}, "commit"=>"Log in"}
  [1m[36mUser Load (0.4ms)[0m  [1m[34mSELECT  "users".* FROM "users" WHERE "users"."email" = ? ORDER BY "users"."id" ASC LIMIT ?[0m  [["email", "dyx769@mocs.utc.edu"], ["LIMIT", 1]]
  [1m[35m (0.1ms)[0m  [1m[36mbegin transaction[0m
  [1m[35mSQL (0.4ms)[0m  [1m[33mUPDATE "users" SET "current_sign_in_at" = ?, "last_sign_in_at" = ?, "sign_in_count" = ?, "updated_at" = ? WHERE "users"."id" = ?[0m  [["current_sign_in_at", "2018-08-23 00:12:09.248837"], ["last_sign_in_at", "2018-08-23 00:09:22.153825"], ["sign_in_count", 5], ["updated_at", "2018-08-23 00:12:09.250819"], ["id", 1]]
  [1m[35m (0.8ms)[0m  [1m[36mcommit transaction[0m
Redirected to http://localhost:3000/
Completed 302 Found in 173ms (ActiveRecord: 1.8ms)


Started GET "/" for 127.0.0.1 at 2018-08-22 20:12:09 -0400
Processing by PagesController#root as HTML
  [1m[36mUser Load (0.2ms)[0m  [1m[34mSELECT  "users".* FROM "users" WHERE "users"."id" = ? ORDER BY "users"."id" ASC LIMIT ?[0m  [["id", 1], ["LIMIT", 1]]
  Rendering pages/root.html.erb within layouts/application
  Rendered pages/root.html.erb within layouts/application (1.1ms)
Completed 200 OK in 38ms (Views: 34.3ms | ActiveRecord: 0.2ms)


Started DELETE "/users/sign_out" for 127.0.0.1 at 2018-08-22 20:12:10 -0400
Processing by Devise::SessionsController#destroy as HTML
  Parameters: {"authenticity_token"=>"BlLxhz856fLR3UPv37AtW7wxyhrv+/oFgoBu2n17EucbuMJp6fUhf96aIaNhZzbIwXi7ga2WoXBKnsq8xxTHwQ=="}
  [1m[36mUser Load (0.3ms)[0m  [1m[34mSELECT  "users".* FROM "users" WHERE "users"."id" = ? ORDER BY "users"."id" ASC LIMIT ?[0m  [["id", 1], ["LIMIT", 1]]
  [1m[35m (0.1ms)[0m  [1m[36mbegin transaction[0m
  [1m[35m (0.1ms)[0m  [1m[36mcommit transaction[0m
Redirected to http://localhost:3000/
Completed 302 Found in 7ms (ActiveRecord: 0.4ms)


Started GET "/" for 127.0.0.1 at 2018-08-22 20:12:10 -0400
Processing by PagesController#root as HTML
Completed 401 Unauthorized in 2ms (ActiveRecord: 0.0ms)


Started GET "/users/sign_in" for 127.0.0.1 at 2018-08-22 20:12:10 -0400
Processing by Devise::SessionsController#new as HTML
  Rendering devise/sessions/new.html.erb within layouts/application
  Rendered devise/shared/_links.html.erb (1.5ms)
  Rendered devise/sessions/new.html.erb within layouts/application (8.0ms)
Completed 200 OK in 45ms (Views: 43.4ms | ActiveRecord: 0.0ms)


